<?xml version="1.0" encoding="UTF-8"?>
<!-- Generated by org.testng.reporters.JUnitXMLReporter -->
<testsuite ignored="0" hostname="HP-5CG1482SWP" failures="3" tests="21" name="Sanity tests" time="124.327" errors="0" timestamp="2025-10-19T22:42:57 IST">
  <testcase classname="com.poc.tests.Test1" name="Add_Products_To_Cart_Validation" time="6.996"/>
  <testcase classname="com.poc.tests.Test1" name="Add_Recommended_Products_Validation" time="0.049">
    <failure type="java.lang.AssertionError" message="Recommended product Wnter Top not found">
      <![CDATA[java.lang.AssertionError: Recommended product Wnter Top not found
at com.poc.pages.Poc_Home_page.selectRecommendedProductandAddtoCart(Poc_Home_page.java:216)
at com.poc.tests.Test1.Add_Recommended_Products_Validation(Test1.java:367)
at java.base/java.util.ArrayList.forEach(ArrayList.java:1511)
... Removed 32 stack frames]]>
    </failure>
  </testcase> <!-- Add_Recommended_Products_Validation -->
  <testcase classname="com.poc.tests.Test1" name="Add_Recommended_Products_Validation" time="1.572"/>
  <testcase classname="com.poc.tests.Test1" name="Add_Recommended_Products_Validation" time="1.539"/>
  <testcase classname="com.poc.tests.Test1" name="Add_Review_On_Product_Validation" time="2.942"/>
  <testcase classname="com.poc.tests.Test1" name="Contact_Us_Form_Validation" time="3.871"/>
  <testcase classname="com.poc.tests.Test1" name="Invalid_Login_Validation" time="1.323"/>
  <testcase classname="com.poc.tests.Test1" name="Login_Validation" time="1.238">
    <failure type="java.lang.AssertionError" message="User login failed expected [true] but found [false]">
      <![CDATA[java.lang.AssertionError: User login failed expected [true] but found [false]
at com.poc.tests.Test1.Login_Validation(Test1.java:88)
at java.base/java.util.ArrayList.forEach(ArrayList.java:1511)
... Removed 34 stack frames]]>
    </failure>
  </testcase> <!-- Login_Validation -->
  <testcase classname="com.poc.tests.Test1" name="Logout_Validation" time="0.808">
    <failure type="java.lang.AssertionError" message="User login failed expected [true] but found [false]">
      <![CDATA[java.lang.AssertionError: User login failed expected [true] but found [false]
at com.poc.tests.Test1.Logout_Validation(Test1.java:137)
at java.base/java.util.ArrayList.forEach(ArrayList.java:1511)
... Removed 34 stack frames]]>
    </failure>
  </testcase> <!-- Logout_Validation -->
  <testcase classname="com.poc.tests.Test1" name="Product_Quantity_In_Cart_Validation" time="3.115"/>
  <testcase classname="com.poc.tests.Test1" name="Register_User_Validation" time="5.811"/>
  <testcase classname="com.poc.tests.Test1" name="Register_User_With_Existing_Email_Validation" time="1.457"/>
  <testcase classname="com.poc.tests.Test1" name="Remove_Product_From_Cart_Validation" time="2.168"/>
  <testcase classname="com.poc.tests.Test1" name="Scroll_Up_Without_Using_Arrow_And_Scroll_down_Validation" time="0.067"/>
  <testcase classname="com.poc.tests.Test1" name="Scroll_Up_using_Arrow_And_Scroll_down_Validation" time="0.104"/>
  <testcase classname="com.poc.tests.Test1" name="Search_Products_Validation" time="2.468"/>
  <testcase classname="com.poc.tests.Test1" name="Subscription_Validation" time="0.17"/>
  <testcase classname="com.poc.tests.Test1" name="Testcases_Page_Validation" time="0.595"/>
  <testcase classname="com.poc.tests.Test1" name="View_Brand_Products_Validation" time="4.296"/>
  <testcase classname="com.poc.tests.Test1" name="View_Category_Products_Validation" time="9.142"/>
  <testcase classname="com.poc.tests.Test1" name="scubscription_In_Cart_Page_Validation" time="0.769"/>
</testsuite> <!-- Sanity tests -->
