<?xml version="1.0" encoding="UTF-8"?>
<!-- Generated by org.testng.reporters.JUnitXMLReporter -->
<testsuite ignored="0" hostname="HP-5CG1482SWP" failures="2" tests="21" name="Sanity tests" time="130.768" errors="0" timestamp="2025-10-19T01:17:28 IST">
  <testcase classname="com.poc.tests.Test1" name="Add_Products_To_Cart_Validation" time="9.403"/>
  <testcase classname="com.poc.tests.Test1" name="Add_Recommended_Products_Validation" time="0.046">
    <failure type="java.lang.AssertionError" message="Recommended product Wnter Top not found">
      <![CDATA[java.lang.AssertionError: Recommended product Wnter Top not found
at com.poc.pages.Poc_Home_page.selectRecommendedProductandAddtoCart(Poc_Home_page.java:216)
at com.poc.tests.Test1.Add_Recommended_Products_Validation(Test1.java:367)
at java.base/java.util.ArrayList.forEach(ArrayList.java:1596)
... Removed 26 stack frames]]>
    </failure>
  </testcase> <!-- Add_Recommended_Products_Validation -->
  <testcase classname="com.poc.tests.Test1" name="Add_Recommended_Products_Validation" time="2.049"/>
  <testcase classname="com.poc.tests.Test1" name="Add_Recommended_Products_Validation" time="1.506"/>
  <testcase classname="com.poc.tests.Test1" name="Add_Review_On_Product_Validation" time="2.412"/>
  <testcase classname="com.poc.tests.Test1" name="Contact_Us_Form_Validation" time="2.634"/>
  <testcase classname="com.poc.tests.Test1" name="Invalid_Login_Validation" time="1.261"/>
  <testcase classname="com.poc.tests.Test1" name="Login_Validation" time="1.249">
    <failure type="java.lang.AssertionError" message="User login failed expected [true] but found [false]">
      <![CDATA[java.lang.AssertionError: User login failed expected [true] but found [false]
at com.poc.tests.Test1.Login_Validation(Test1.java:88)
at java.base/java.util.ArrayList.forEach(ArrayList.java:1596)
... Removed 28 stack frames]]>
    </failure>
  </testcase> <!-- Login_Validation -->
  <testcase classname="com.poc.tests.Test1" name="Logout_Validation" time="3.91"/>
  <testcase classname="com.poc.tests.Test1" name="Product_Quantity_In_Cart_Validation" time="2.312"/>
  <testcase classname="com.poc.tests.Test1" name="Register_User_Validation" time="5.286"/>
  <testcase classname="com.poc.tests.Test1" name="Register_User_With_Existing_Email_Validation" time="1.3"/>
  <testcase classname="com.poc.tests.Test1" name="Remove_Product_From_Cart_Validation" time="2.661"/>
  <testcase classname="com.poc.tests.Test1" name="Scroll_Up_Without_Using_Arrow_And_Scroll_down_Validation" time="0.065"/>
  <testcase classname="com.poc.tests.Test1" name="Scroll_Up_using_Arrow_And_Scroll_down_Validation" time="0.111"/>
  <testcase classname="com.poc.tests.Test1" name="Search_Products_Validation" time="3.463"/>
  <testcase classname="com.poc.tests.Test1" name="Subscription_Validation" time="0.179"/>
  <testcase classname="com.poc.tests.Test1" name="Testcases_Page_Validation" time="0.582"/>
  <testcase classname="com.poc.tests.Test1" name="View_Brand_Products_Validation" time="2.982"/>
  <testcase classname="com.poc.tests.Test1" name="View_Category_Products_Validation" time="7.929"/>
  <testcase classname="com.poc.tests.Test1" name="scubscription_In_Cart_Page_Validation" time="0.797"/>
</testsuite> <!-- Sanity tests -->
