<?xml version="1.0" encoding="UTF-8"?>
<testng-results ignored="0" total="21" passed="18" failed="3" skipped="0">
  <reporter-output>
  </reporter-output>
  <suite started-at="2025-10-19T22:40:52 IST" name="Poc automation suite" finished-at="2025-10-19T22:42:57 IST" duration-ms="124327">
    <groups>
    </groups>
    <test started-at="2025-10-19T22:40:52 IST" name="Sanity tests" finished-at="2025-10-19T22:42:57 IST" duration-ms="124327">
      <class name="com.poc.tests.Test1">
        <test-method is-config="true" signature="beforeTest()[pri:0, instance:com.poc.tests.Test1@61078690]" started-at="2025-10-19T22:40:52 IST" name="beforeTest" finished-at="2025-10-19T22:40:52 IST" duration-ms="14" status="PASS">
          <reporter-output>
          </reporter-output>
        </test-method> <!-- beforeTest -->
        <test-method is-config="true" signature="setUp(java.lang.String,java.lang.String,org.testng.ITestResult)[pri:0, instance:com.poc.tests.Test1@61078690]" started-at="2025-10-19T22:40:52 IST" name="setUp" finished-at="2025-10-19T22:40:56 IST" duration-ms="3380" status="PASS">
          <params>
            <param index="0">
              <value>
                <![CDATA[chrome]]>
              </value>
            </param>
            <param index="1">
              <value>
                <![CDATA[http://automationexercise.com]]>
              </value>
            </param>
            <param index="2">
              <value>
                <![CDATA[[TestResult name={null} status=CREATED method=Test1.Add_Products_To_Cart_Validation()[pri:0, instance:com.poc.tests.Test1@61078690] output={null}]]]>
              </value>
            </param>
          </params>
          <reporter-output>
          </reporter-output>
        </test-method> <!-- setUp -->
        <test-method signature="Add_Products_To_Cart_Validation()[pri:0, instance:com.poc.tests.Test1@61078690]" started-at="2025-10-19T22:40:56 IST" name="Add_Products_To_Cart_Validation" finished-at="2025-10-19T22:41:03 IST" duration-ms="6996" status="PASS">
          <reporter-output>
          </reporter-output>
        </test-method> <!-- Add_Products_To_Cart_Validation -->
        <test-method is-config="true" signature="screenShotIfFail(org.testng.ITestResult)[pri:0, instance:com.poc.tests.Test1@61078690]" started-at="2025-10-19T22:41:03 IST" name="screenShotIfFail" finished-at="2025-10-19T22:41:03 IST" duration-ms="135" status="PASS">
          <params>
            <param index="0">
              <value>
                <![CDATA[[TestResult name=Add_Products_To_Cart_Validation status=SUCCESS method=Test1.Add_Products_To_Cart_Validation()[pri:0, instance:com.poc.tests.Test1@61078690] output={null}]]]>
              </value>
            </param>
          </params>
          <reporter-output>
          </reporter-output>
        </test-method> <!-- screenShotIfFail -->
        <test-method is-config="true" signature="setUp(java.lang.String,java.lang.String,org.testng.ITestResult)[pri:0, instance:com.poc.tests.Test1@61078690]" started-at="2025-10-19T22:41:03 IST" name="setUp" finished-at="2025-10-19T22:41:06 IST" duration-ms="3380" status="PASS">
          <params>
            <param index="0">
              <value>
                <![CDATA[chrome]]>
              </value>
            </param>
            <param index="1">
              <value>
                <![CDATA[http://automationexercise.com]]>
              </value>
            </param>
            <param index="2">
              <value>
                <![CDATA[[TestResult name={null} status=CREATED method=Test1.Add_Recommended_Products_Validation(java.lang.String)[pri:0, instance:com.poc.tests.Test1@61078690] output={null}]]]>
              </value>
            </param>
          </params>
          <reporter-output>
          </reporter-output>
        </test-method> <!-- setUp -->
        <test-method signature="Add_Recommended_Products_Validation(java.lang.String)[pri:0, instance:com.poc.tests.Test1@61078690]" started-at="2025-10-19T22:41:06 IST" name="Add_Recommended_Products_Validation" data-provider="RecommendedProducts" finished-at="2025-10-19T22:41:06 IST" duration-ms="49" status="FAIL">
          <params>
            <param index="0">
              <value>
                <![CDATA[Wnter Top]]>
              </value>
            </param>
          </params>
          <exception class="java.lang.AssertionError">
            <message>
              <![CDATA[Recommended product Wnter Top not found]]>
            </message>
            <full-stacktrace>
              <![CDATA[java.lang.AssertionError: Recommended product Wnter Top not found
at org.testng.Assert.fail(Assert.java:111)
at com.poc.pages.Poc_Home_page.selectRecommendedProductandAddtoCart(Poc_Home_page.java:216)
at com.poc.tests.Test1.Add_Recommended_Products_Validation(Test1.java:367)
at java.base/jdk.internal.reflect.NativeMethodAccessorImpl.invoke0(Native Method)
at java.base/jdk.internal.reflect.NativeMethodAccessorImpl.invoke(NativeMethodAccessorImpl.java:77)
at java.base/jdk.internal.reflect.DelegatingMethodAccessorImpl.invoke(DelegatingMethodAccessorImpl.java:43)
at java.base/java.lang.reflect.Method.invoke(Method.java:568)
at org.testng.internal.invokers.MethodInvocationHelper.invokeMethod(MethodInvocationHelper.java:141)
at org.testng.internal.invokers.TestInvoker.invokeMethod(TestInvoker.java:686)
at org.testng.internal.invokers.TestInvoker.invokeTestMethod(TestInvoker.java:230)
at org.testng.internal.invokers.MethodRunner.runInSequence(MethodRunner.java:63)
at org.testng.internal.invokers.TestInvoker$MethodInvocationAgent.invoke(TestInvoker.java:992)
at org.testng.internal.invokers.TestInvoker.invokeTestMethods(TestInvoker.java:203)
at org.testng.internal.invokers.TestMethodWorker.invokeTestMethods(TestMethodWorker.java:154)
at org.testng.internal.invokers.TestMethodWorker.run(TestMethodWorker.java:134)
at java.base/java.util.ArrayList.forEach(ArrayList.java:1511)
at org.testng.TestRunner.privateRun(TestRunner.java:739)
at org.testng.TestRunner.run(TestRunner.java:614)
at org.testng.SuiteRunner.runTest(SuiteRunner.java:421)
at org.testng.SuiteRunner.runSequentially(SuiteRunner.java:413)
at org.testng.SuiteRunner.privateRun(SuiteRunner.java:373)
at org.testng.SuiteRunner.run(SuiteRunner.java:312)
at org.testng.SuiteRunnerWorker.runSuite(SuiteRunnerWorker.java:52)
at org.testng.SuiteRunnerWorker.run(SuiteRunnerWorker.java:95)
at org.testng.TestNG.runSuitesSequentially(TestNG.java:1274)
at org.testng.TestNG.runSuitesLocally(TestNG.java:1208)
at org.testng.TestNG.runSuites(TestNG.java:1112)
at org.testng.TestNG.run(TestNG.java:1079)
at org.apache.maven.surefire.testng.TestNGExecutor.run(TestNGExecutor.java:308)
at org.apache.maven.surefire.testng.TestNGXmlTestSuite.execute(TestNGXmlTestSuite.java:71)
at org.apache.maven.surefire.testng.TestNGProvider.invoke(TestNGProvider.java:113)
at org.apache.maven.surefire.booter.ForkedBooter.runSuitesInProcess(ForkedBooter.java:385)
at org.apache.maven.surefire.booter.ForkedBooter.execute(ForkedBooter.java:162)
at org.apache.maven.surefire.booter.ForkedBooter.run(ForkedBooter.java:507)
at org.apache.maven.surefire.booter.ForkedBooter.main(ForkedBooter.java:495)
]]>
            </full-stacktrace>
          </exception> <!-- java.lang.AssertionError -->
          <reporter-output>
          </reporter-output>
        </test-method> <!-- Add_Recommended_Products_Validation -->
        <test-method is-config="true" signature="screenShotIfFail(org.testng.ITestResult)[pri:0, instance:com.poc.tests.Test1@61078690]" started-at="2025-10-19T22:41:06 IST" name="screenShotIfFail" finished-at="2025-10-19T22:41:07 IST" duration-ms="361" status="PASS">
          <params>
            <param index="0">
              <value>
                <![CDATA[[TestResult name=Add_Recommended_Products_Validation status=FAILURE method=Test1.Add_Recommended_Products_Validation(java.lang.String)[pri:0, instance:com.poc.tests.Test1@61078690] output={null}]]]>
              </value>
            </param>
          </params>
          <reporter-output>
          </reporter-output>
        </test-method> <!-- screenShotIfFail -->
        <test-method is-config="true" signature="setUp(java.lang.String,java.lang.String,org.testng.ITestResult)[pri:0, instance:com.poc.tests.Test1@61078690]" started-at="2025-10-19T22:41:07 IST" name="setUp" finished-at="2025-10-19T22:41:10 IST" duration-ms="3474" status="PASS">
          <params>
            <param index="0">
              <value>
                <![CDATA[chrome]]>
              </value>
            </param>
            <param index="1">
              <value>
                <![CDATA[http://automationexercise.com]]>
              </value>
            </param>
            <param index="2">
              <value>
                <![CDATA[[TestResult name={null} status=CREATED method=Test1.Add_Recommended_Products_Validation(java.lang.String)[pri:0, instance:com.poc.tests.Test1@61078690] output={null}]]]>
              </value>
            </param>
          </params>
          <reporter-output>
          </reporter-output>
        </test-method> <!-- setUp -->
        <test-method signature="Add_Recommended_Products_Validation(java.lang.String)[pri:0, instance:com.poc.tests.Test1@61078690]" started-at="2025-10-19T22:41:10 IST" name="Add_Recommended_Products_Validation" data-provider="RecommendedProducts" finished-at="2025-10-19T22:41:12 IST" duration-ms="1572" status="PASS">
          <params>
            <param index="0">
              <value>
                <![CDATA[Stylish Dress]]>
              </value>
            </param>
          </params>
          <reporter-output>
          </reporter-output>
        </test-method> <!-- Add_Recommended_Products_Validation -->
        <test-method is-config="true" signature="screenShotIfFail(org.testng.ITestResult)[pri:0, instance:com.poc.tests.Test1@61078690]" started-at="2025-10-19T22:41:12 IST" name="screenShotIfFail" finished-at="2025-10-19T22:41:12 IST" duration-ms="100" status="PASS">
          <params>
            <param index="0">
              <value>
                <![CDATA[[TestResult name=Add_Recommended_Products_Validation status=SUCCESS method=Test1.Add_Recommended_Products_Validation(java.lang.String)[pri:0, instance:com.poc.tests.Test1@61078690] output={null}]]]>
              </value>
            </param>
          </params>
          <reporter-output>
          </reporter-output>
        </test-method> <!-- screenShotIfFail -->
        <test-method is-config="true" signature="setUp(java.lang.String,java.lang.String,org.testng.ITestResult)[pri:0, instance:com.poc.tests.Test1@61078690]" started-at="2025-10-19T22:41:12 IST" name="setUp" finished-at="2025-10-19T22:41:14 IST" duration-ms="2308" status="PASS">
          <params>
            <param index="0">
              <value>
                <![CDATA[chrome]]>
              </value>
            </param>
            <param index="1">
              <value>
                <![CDATA[http://automationexercise.com]]>
              </value>
            </param>
            <param index="2">
              <value>
                <![CDATA[[TestResult name={null} status=CREATED method=Test1.Add_Recommended_Products_Validation(java.lang.String)[pri:0, instance:com.poc.tests.Test1@61078690] output={null}]]]>
              </value>
            </param>
          </params>
          <reporter-output>
          </reporter-output>
        </test-method> <!-- setUp -->
        <test-method signature="Add_Recommended_Products_Validation(java.lang.String)[pri:0, instance:com.poc.tests.Test1@61078690]" started-at="2025-10-19T22:41:14 IST" name="Add_Recommended_Products_Validation" data-provider="RecommendedProducts" finished-at="2025-10-19T22:41:16 IST" duration-ms="1539" status="PASS">
          <params>
            <param index="0">
              <value>
                <![CDATA[Summer White Top]]>
              </value>
            </param>
          </params>
          <reporter-output>
          </reporter-output>
        </test-method> <!-- Add_Recommended_Products_Validation -->
        <test-method is-config="true" signature="screenShotIfFail(org.testng.ITestResult)[pri:0, instance:com.poc.tests.Test1@61078690]" started-at="2025-10-19T22:41:16 IST" name="screenShotIfFail" finished-at="2025-10-19T22:41:16 IST" duration-ms="116" status="PASS">
          <params>
            <param index="0">
              <value>
                <![CDATA[[TestResult name=Add_Recommended_Products_Validation status=SUCCESS method=Test1.Add_Recommended_Products_Validation(java.lang.String)[pri:0, instance:com.poc.tests.Test1@61078690] output={null}]]]>
              </value>
            </param>
          </params>
          <reporter-output>
          </reporter-output>
        </test-method> <!-- screenShotIfFail -->
        <test-method is-config="true" signature="setUp(java.lang.String,java.lang.String,org.testng.ITestResult)[pri:0, instance:com.poc.tests.Test1@61078690]" started-at="2025-10-19T22:41:16 IST" name="setUp" finished-at="2025-10-19T22:41:21 IST" duration-ms="4715" status="PASS">
          <params>
            <param index="0">
              <value>
                <![CDATA[chrome]]>
              </value>
            </param>
            <param index="1">
              <value>
                <![CDATA[http://automationexercise.com]]>
              </value>
            </param>
            <param index="2">
              <value>
                <![CDATA[[TestResult name={null} status=CREATED method=Test1.Add_Review_On_Product_Validation()[pri:0, instance:com.poc.tests.Test1@61078690] output={null}]]]>
              </value>
            </param>
          </params>
          <reporter-output>
          </reporter-output>
        </test-method> <!-- setUp -->
        <test-method signature="Add_Review_On_Product_Validation()[pri:0, instance:com.poc.tests.Test1@61078690]" started-at="2025-10-19T22:41:21 IST" name="Add_Review_On_Product_Validation" finished-at="2025-10-19T22:41:24 IST" duration-ms="2942" status="PASS">
          <reporter-output>
          </reporter-output>
        </test-method> <!-- Add_Review_On_Product_Validation -->
        <test-method is-config="true" signature="screenShotIfFail(org.testng.ITestResult)[pri:0, instance:com.poc.tests.Test1@61078690]" started-at="2025-10-19T22:41:24 IST" name="screenShotIfFail" finished-at="2025-10-19T22:41:24 IST" duration-ms="113" status="PASS">
          <params>
            <param index="0">
              <value>
                <![CDATA[[TestResult name=Add_Review_On_Product_Validation status=SUCCESS method=Test1.Add_Review_On_Product_Validation()[pri:0, instance:com.poc.tests.Test1@61078690] output={null}]]]>
              </value>
            </param>
          </params>
          <reporter-output>
          </reporter-output>
        </test-method> <!-- screenShotIfFail -->
        <test-method is-config="true" signature="setUp(java.lang.String,java.lang.String,org.testng.ITestResult)[pri:0, instance:com.poc.tests.Test1@61078690]" started-at="2025-10-19T22:41:24 IST" name="setUp" finished-at="2025-10-19T22:41:26 IST" duration-ms="2820" status="PASS">
          <params>
            <param index="0">
              <value>
                <![CDATA[chrome]]>
              </value>
            </param>
            <param index="1">
              <value>
                <![CDATA[http://automationexercise.com]]>
              </value>
            </param>
            <param index="2">
              <value>
                <![CDATA[[TestResult name={null} status=CREATED method=Test1.Contact_Us_Form_Validation()[pri:0, instance:com.poc.tests.Test1@61078690] output={null}]]]>
              </value>
            </param>
          </params>
          <reporter-output>
          </reporter-output>
        </test-method> <!-- setUp -->
        <test-method signature="Contact_Us_Form_Validation()[pri:0, instance:com.poc.tests.Test1@61078690]" started-at="2025-10-19T22:41:26 IST" name="Contact_Us_Form_Validation" finished-at="2025-10-19T22:41:30 IST" duration-ms="3871" status="PASS">
          <reporter-output>
          </reporter-output>
        </test-method> <!-- Contact_Us_Form_Validation -->
        <test-method is-config="true" signature="screenShotIfFail(org.testng.ITestResult)[pri:0, instance:com.poc.tests.Test1@61078690]" started-at="2025-10-19T22:41:30 IST" name="screenShotIfFail" finished-at="2025-10-19T22:41:30 IST" duration-ms="114" status="PASS">
          <params>
            <param index="0">
              <value>
                <![CDATA[[TestResult name=Contact_Us_Form_Validation status=SUCCESS method=Test1.Contact_Us_Form_Validation()[pri:0, instance:com.poc.tests.Test1@61078690] output={null}]]]>
              </value>
            </param>
          </params>
          <reporter-output>
          </reporter-output>
        </test-method> <!-- screenShotIfFail -->
        <test-method is-config="true" signature="setUp(java.lang.String,java.lang.String,org.testng.ITestResult)[pri:0, instance:com.poc.tests.Test1@61078690]" started-at="2025-10-19T22:41:30 IST" name="setUp" finished-at="2025-10-19T22:41:33 IST" duration-ms="2978" status="PASS">
          <params>
            <param index="0">
              <value>
                <![CDATA[chrome]]>
              </value>
            </param>
            <param index="1">
              <value>
                <![CDATA[http://automationexercise.com]]>
              </value>
            </param>
            <param index="2">
              <value>
                <![CDATA[[TestResult name={null} status=CREATED method=Test1.Invalid_Login_Validation()[pri:0, instance:com.poc.tests.Test1@61078690] output={null}]]]>
              </value>
            </param>
          </params>
          <reporter-output>
          </reporter-output>
        </test-method> <!-- setUp -->
        <test-method signature="Invalid_Login_Validation()[pri:0, instance:com.poc.tests.Test1@61078690]" started-at="2025-10-19T22:41:33 IST" name="Invalid_Login_Validation" finished-at="2025-10-19T22:41:35 IST" duration-ms="1323" status="PASS">
          <reporter-output>
          </reporter-output>
        </test-method> <!-- Invalid_Login_Validation -->
        <test-method is-config="true" signature="screenShotIfFail(org.testng.ITestResult)[pri:0, instance:com.poc.tests.Test1@61078690]" started-at="2025-10-19T22:41:35 IST" name="screenShotIfFail" finished-at="2025-10-19T22:41:35 IST" duration-ms="113" status="PASS">
          <params>
            <param index="0">
              <value>
                <![CDATA[[TestResult name=Invalid_Login_Validation status=SUCCESS method=Test1.Invalid_Login_Validation()[pri:0, instance:com.poc.tests.Test1@61078690] output={null}]]]>
              </value>
            </param>
          </params>
          <reporter-output>
          </reporter-output>
        </test-method> <!-- screenShotIfFail -->
        <test-method is-config="true" signature="setUp(java.lang.String,java.lang.String,org.testng.ITestResult)[pri:0, instance:com.poc.tests.Test1@61078690]" started-at="2025-10-19T22:41:35 IST" name="setUp" finished-at="2025-10-19T22:41:37 IST" duration-ms="2513" status="PASS">
          <params>
            <param index="0">
              <value>
                <![CDATA[chrome]]>
              </value>
            </param>
            <param index="1">
              <value>
                <![CDATA[http://automationexercise.com]]>
              </value>
            </param>
            <param index="2">
              <value>
                <![CDATA[[TestResult name={null} status=CREATED method=Test1.Login_Validation()[pri:0, instance:com.poc.tests.Test1@61078690] output={null}]]]>
              </value>
            </param>
          </params>
          <reporter-output>
          </reporter-output>
        </test-method> <!-- setUp -->
        <test-method signature="Login_Validation()[pri:0, instance:com.poc.tests.Test1@61078690]" started-at="2025-10-19T22:41:37 IST" name="Login_Validation" finished-at="2025-10-19T22:41:39 IST" duration-ms="1238" status="FAIL">
          <exception class="java.lang.AssertionError">
            <message>
              <![CDATA[User login failed expected [true] but found [false]]]>
            </message>
            <full-stacktrace>
              <![CDATA[java.lang.AssertionError: User login failed expected [true] but found [false]
at org.testng.Assert.fail(Assert.java:111)
at org.testng.Assert.failNotEquals(Assert.java:1578)
at org.testng.Assert.assertTrue(Assert.java:57)
at com.poc.tests.Test1.Login_Validation(Test1.java:88)
at java.base/jdk.internal.reflect.NativeMethodAccessorImpl.invoke0(Native Method)
at java.base/jdk.internal.reflect.NativeMethodAccessorImpl.invoke(NativeMethodAccessorImpl.java:77)
at java.base/jdk.internal.reflect.DelegatingMethodAccessorImpl.invoke(DelegatingMethodAccessorImpl.java:43)
at java.base/java.lang.reflect.Method.invoke(Method.java:568)
at org.testng.internal.invokers.MethodInvocationHelper.invokeMethod(MethodInvocationHelper.java:141)
at org.testng.internal.invokers.TestInvoker.invokeMethod(TestInvoker.java:686)
at org.testng.internal.invokers.TestInvoker.invokeTestMethod(TestInvoker.java:230)
at org.testng.internal.invokers.MethodRunner.runInSequence(MethodRunner.java:63)
at org.testng.internal.invokers.TestInvoker$MethodInvocationAgent.invoke(TestInvoker.java:992)
at org.testng.internal.invokers.TestInvoker.invokeTestMethods(TestInvoker.java:203)
at org.testng.internal.invokers.TestMethodWorker.invokeTestMethods(TestMethodWorker.java:154)
at org.testng.internal.invokers.TestMethodWorker.run(TestMethodWorker.java:134)
at java.base/java.util.ArrayList.forEach(ArrayList.java:1511)
at org.testng.TestRunner.privateRun(TestRunner.java:739)
at org.testng.TestRunner.run(TestRunner.java:614)
at org.testng.SuiteRunner.runTest(SuiteRunner.java:421)
at org.testng.SuiteRunner.runSequentially(SuiteRunner.java:413)
at org.testng.SuiteRunner.privateRun(SuiteRunner.java:373)
at org.testng.SuiteRunner.run(SuiteRunner.java:312)
at org.testng.SuiteRunnerWorker.runSuite(SuiteRunnerWorker.java:52)
at org.testng.SuiteRunnerWorker.run(SuiteRunnerWorker.java:95)
at org.testng.TestNG.runSuitesSequentially(TestNG.java:1274)
at org.testng.TestNG.runSuitesLocally(TestNG.java:1208)
at org.testng.TestNG.runSuites(TestNG.java:1112)
at org.testng.TestNG.run(TestNG.java:1079)
at org.apache.maven.surefire.testng.TestNGExecutor.run(TestNGExecutor.java:308)
at org.apache.maven.surefire.testng.TestNGXmlTestSuite.execute(TestNGXmlTestSuite.java:71)
at org.apache.maven.surefire.testng.TestNGProvider.invoke(TestNGProvider.java:113)
at org.apache.maven.surefire.booter.ForkedBooter.runSuitesInProcess(ForkedBooter.java:385)
at org.apache.maven.surefire.booter.ForkedBooter.execute(ForkedBooter.java:162)
at org.apache.maven.surefire.booter.ForkedBooter.run(ForkedBooter.java:507)
at org.apache.maven.surefire.booter.ForkedBooter.main(ForkedBooter.java:495)
]]>
            </full-stacktrace>
          </exception> <!-- java.lang.AssertionError -->
          <reporter-output>
          </reporter-output>
        </test-method> <!-- Login_Validation -->
        <test-method is-config="true" signature="screenShotIfFail(org.testng.ITestResult)[pri:0, instance:com.poc.tests.Test1@61078690]" started-at="2025-10-19T22:41:39 IST" name="screenShotIfFail" finished-at="2025-10-19T22:41:39 IST" duration-ms="294" status="PASS">
          <params>
            <param index="0">
              <value>
                <![CDATA[[TestResult name=Login_Validation status=FAILURE method=Test1.Login_Validation()[pri:0, instance:com.poc.tests.Test1@61078690] output={null}]]]>
              </value>
            </param>
          </params>
          <reporter-output>
          </reporter-output>
        </test-method> <!-- screenShotIfFail -->
        <test-method is-config="true" signature="setUp(java.lang.String,java.lang.String,org.testng.ITestResult)[pri:0, instance:com.poc.tests.Test1@61078690]" started-at="2025-10-19T22:41:39 IST" name="setUp" finished-at="2025-10-19T22:41:42 IST" duration-ms="3303" status="PASS">
          <params>
            <param index="0">
              <value>
                <![CDATA[chrome]]>
              </value>
            </param>
            <param index="1">
              <value>
                <![CDATA[http://automationexercise.com]]>
              </value>
            </param>
            <param index="2">
              <value>
                <![CDATA[[TestResult name={null} status=CREATED method=Test1.Logout_Validation()[pri:0, instance:com.poc.tests.Test1@61078690] output={null}]]]>
              </value>
            </param>
          </params>
          <reporter-output>
          </reporter-output>
        </test-method> <!-- setUp -->
        <test-method signature="Logout_Validation()[pri:0, instance:com.poc.tests.Test1@61078690]" started-at="2025-10-19T22:41:42 IST" name="Logout_Validation" finished-at="2025-10-19T22:41:43 IST" duration-ms="808" status="FAIL">
          <exception class="java.lang.AssertionError">
            <message>
              <![CDATA[User login failed expected [true] but found [false]]]>
            </message>
            <full-stacktrace>
              <![CDATA[java.lang.AssertionError: User login failed expected [true] but found [false]
at org.testng.Assert.fail(Assert.java:111)
at org.testng.Assert.failNotEquals(Assert.java:1578)
at org.testng.Assert.assertTrue(Assert.java:57)
at com.poc.tests.Test1.Logout_Validation(Test1.java:137)
at java.base/jdk.internal.reflect.NativeMethodAccessorImpl.invoke0(Native Method)
at java.base/jdk.internal.reflect.NativeMethodAccessorImpl.invoke(NativeMethodAccessorImpl.java:77)
at java.base/jdk.internal.reflect.DelegatingMethodAccessorImpl.invoke(DelegatingMethodAccessorImpl.java:43)
at java.base/java.lang.reflect.Method.invoke(Method.java:568)
at org.testng.internal.invokers.MethodInvocationHelper.invokeMethod(MethodInvocationHelper.java:141)
at org.testng.internal.invokers.TestInvoker.invokeMethod(TestInvoker.java:686)
at org.testng.internal.invokers.TestInvoker.invokeTestMethod(TestInvoker.java:230)
at org.testng.internal.invokers.MethodRunner.runInSequence(MethodRunner.java:63)
at org.testng.internal.invokers.TestInvoker$MethodInvocationAgent.invoke(TestInvoker.java:992)
at org.testng.internal.invokers.TestInvoker.invokeTestMethods(TestInvoker.java:203)
at org.testng.internal.invokers.TestMethodWorker.invokeTestMethods(TestMethodWorker.java:154)
at org.testng.internal.invokers.TestMethodWorker.run(TestMethodWorker.java:134)
at java.base/java.util.ArrayList.forEach(ArrayList.java:1511)
at org.testng.TestRunner.privateRun(TestRunner.java:739)
at org.testng.TestRunner.run(TestRunner.java:614)
at org.testng.SuiteRunner.runTest(SuiteRunner.java:421)
at org.testng.SuiteRunner.runSequentially(SuiteRunner.java:413)
at org.testng.SuiteRunner.privateRun(SuiteRunner.java:373)
at org.testng.SuiteRunner.run(SuiteRunner.java:312)
at org.testng.SuiteRunnerWorker.runSuite(SuiteRunnerWorker.java:52)
at org.testng.SuiteRunnerWorker.run(SuiteRunnerWorker.java:95)
at org.testng.TestNG.runSuitesSequentially(TestNG.java:1274)
at org.testng.TestNG.runSuitesLocally(TestNG.java:1208)
at org.testng.TestNG.runSuites(TestNG.java:1112)
at org.testng.TestNG.run(TestNG.java:1079)
at org.apache.maven.surefire.testng.TestNGExecutor.run(TestNGExecutor.java:308)
at org.apache.maven.surefire.testng.TestNGXmlTestSuite.execute(TestNGXmlTestSuite.java:71)
at org.apache.maven.surefire.testng.TestNGProvider.invoke(TestNGProvider.java:113)
at org.apache.maven.surefire.booter.ForkedBooter.runSuitesInProcess(ForkedBooter.java:385)
at org.apache.maven.surefire.booter.ForkedBooter.execute(ForkedBooter.java:162)
at org.apache.maven.surefire.booter.ForkedBooter.run(ForkedBooter.java:507)
at org.apache.maven.surefire.booter.ForkedBooter.main(ForkedBooter.java:495)
]]>
            </full-stacktrace>
          </exception> <!-- java.lang.AssertionError -->
          <reporter-output>
          </reporter-output>
        </test-method> <!-- Logout_Validation -->
        <test-method is-config="true" signature="screenShotIfFail(org.testng.ITestResult)[pri:0, instance:com.poc.tests.Test1@61078690]" started-at="2025-10-19T22:41:43 IST" name="screenShotIfFail" finished-at="2025-10-19T22:41:45 IST" duration-ms="2079" status="PASS">
          <params>
            <param index="0">
              <value>
                <![CDATA[[TestResult name=Logout_Validation status=FAILURE method=Test1.Logout_Validation()[pri:0, instance:com.poc.tests.Test1@61078690] output={null}]]]>
              </value>
            </param>
          </params>
          <reporter-output>
          </reporter-output>
        </test-method> <!-- screenShotIfFail -->
        <test-method is-config="true" signature="setUp(java.lang.String,java.lang.String,org.testng.ITestResult)[pri:0, instance:com.poc.tests.Test1@61078690]" started-at="2025-10-19T22:41:45 IST" name="setUp" finished-at="2025-10-19T22:41:54 IST" duration-ms="8613" status="PASS">
          <params>
            <param index="0">
              <value>
                <![CDATA[chrome]]>
              </value>
            </param>
            <param index="1">
              <value>
                <![CDATA[http://automationexercise.com]]>
              </value>
            </param>
            <param index="2">
              <value>
                <![CDATA[[TestResult name={null} status=CREATED method=Test1.Product_Quantity_In_Cart_Validation()[pri:0, instance:com.poc.tests.Test1@61078690] output={null}]]]>
              </value>
            </param>
          </params>
          <reporter-output>
          </reporter-output>
        </test-method> <!-- setUp -->
        <test-method signature="Product_Quantity_In_Cart_Validation()[pri:0, instance:com.poc.tests.Test1@61078690]" started-at="2025-10-19T22:41:54 IST" name="Product_Quantity_In_Cart_Validation" finished-at="2025-10-19T22:41:57 IST" duration-ms="3115" status="PASS">
          <reporter-output>
          </reporter-output>
        </test-method> <!-- Product_Quantity_In_Cart_Validation -->
        <test-method is-config="true" signature="screenShotIfFail(org.testng.ITestResult)[pri:0, instance:com.poc.tests.Test1@61078690]" started-at="2025-10-19T22:41:57 IST" name="screenShotIfFail" finished-at="2025-10-19T22:41:57 IST" duration-ms="93" status="PASS">
          <params>
            <param index="0">
              <value>
                <![CDATA[[TestResult name=Product_Quantity_In_Cart_Validation status=SUCCESS method=Test1.Product_Quantity_In_Cart_Validation()[pri:0, instance:com.poc.tests.Test1@61078690] output={null}]]]>
              </value>
            </param>
          </params>
          <reporter-output>
          </reporter-output>
        </test-method> <!-- screenShotIfFail -->
        <test-method is-config="true" signature="setUp(java.lang.String,java.lang.String,org.testng.ITestResult)[pri:0, instance:com.poc.tests.Test1@61078690]" started-at="2025-10-19T22:41:57 IST" name="setUp" finished-at="2025-10-19T22:42:00 IST" duration-ms="2841" status="PASS">
          <params>
            <param index="0">
              <value>
                <![CDATA[chrome]]>
              </value>
            </param>
            <param index="1">
              <value>
                <![CDATA[http://automationexercise.com]]>
              </value>
            </param>
            <param index="2">
              <value>
                <![CDATA[[TestResult name={null} status=CREATED method=Test1.Register_User_Validation()[pri:0, instance:com.poc.tests.Test1@61078690] output={null}]]]>
              </value>
            </param>
          </params>
          <reporter-output>
          </reporter-output>
        </test-method> <!-- setUp -->
        <test-method signature="Register_User_Validation()[pri:0, instance:com.poc.tests.Test1@61078690]" started-at="2025-10-19T22:42:00 IST" name="Register_User_Validation" finished-at="2025-10-19T22:42:06 IST" duration-ms="5811" status="PASS">
          <reporter-output>
          </reporter-output>
        </test-method> <!-- Register_User_Validation -->
        <test-method is-config="true" signature="screenShotIfFail(org.testng.ITestResult)[pri:0, instance:com.poc.tests.Test1@61078690]" started-at="2025-10-19T22:42:06 IST" name="screenShotIfFail" finished-at="2025-10-19T22:42:06 IST" duration-ms="105" status="PASS">
          <params>
            <param index="0">
              <value>
                <![CDATA[[TestResult name=Register_User_Validation status=SUCCESS method=Test1.Register_User_Validation()[pri:0, instance:com.poc.tests.Test1@61078690] output={null}]]]>
              </value>
            </param>
          </params>
          <reporter-output>
          </reporter-output>
        </test-method> <!-- screenShotIfFail -->
        <test-method is-config="true" signature="setUp(java.lang.String,java.lang.String,org.testng.ITestResult)[pri:0, instance:com.poc.tests.Test1@61078690]" started-at="2025-10-19T22:42:06 IST" name="setUp" finished-at="2025-10-19T22:42:08 IST" duration-ms="2528" status="PASS">
          <params>
            <param index="0">
              <value>
                <![CDATA[chrome]]>
              </value>
            </param>
            <param index="1">
              <value>
                <![CDATA[http://automationexercise.com]]>
              </value>
            </param>
            <param index="2">
              <value>
                <![CDATA[[TestResult name={null} status=CREATED method=Test1.Register_User_With_Existing_Email_Validation()[pri:0, instance:com.poc.tests.Test1@61078690] output={null}]]]>
              </value>
            </param>
          </params>
          <reporter-output>
          </reporter-output>
        </test-method> <!-- setUp -->
        <test-method signature="Register_User_With_Existing_Email_Validation()[pri:0, instance:com.poc.tests.Test1@61078690]" started-at="2025-10-19T22:42:08 IST" name="Register_User_With_Existing_Email_Validation" finished-at="2025-10-19T22:42:10 IST" duration-ms="1457" status="PASS">
          <reporter-output>
          </reporter-output>
        </test-method> <!-- Register_User_With_Existing_Email_Validation -->
        <test-method is-config="true" signature="screenShotIfFail(org.testng.ITestResult)[pri:0, instance:com.poc.tests.Test1@61078690]" started-at="2025-10-19T22:42:10 IST" name="screenShotIfFail" finished-at="2025-10-19T22:42:10 IST" duration-ms="102" status="PASS">
          <params>
            <param index="0">
              <value>
                <![CDATA[[TestResult name=Register_User_With_Existing_Email_Validation status=SUCCESS method=Test1.Register_User_With_Existing_Email_Validation()[pri:0, instance:com.poc.tests.Test1@61078690] output={null}]]]>
              </value>
            </param>
          </params>
          <reporter-output>
          </reporter-output>
        </test-method> <!-- screenShotIfFail -->
        <test-method is-config="true" signature="setUp(java.lang.String,java.lang.String,org.testng.ITestResult)[pri:0, instance:com.poc.tests.Test1@61078690]" started-at="2025-10-19T22:42:10 IST" name="setUp" finished-at="2025-10-19T22:42:13 IST" duration-ms="2927" status="PASS">
          <params>
            <param index="0">
              <value>
                <![CDATA[chrome]]>
              </value>
            </param>
            <param index="1">
              <value>
                <![CDATA[http://automationexercise.com]]>
              </value>
            </param>
            <param index="2">
              <value>
                <![CDATA[[TestResult name={null} status=CREATED method=Test1.Remove_Product_From_Cart_Validation()[pri:0, instance:com.poc.tests.Test1@61078690] output={null}]]]>
              </value>
            </param>
          </params>
          <reporter-output>
          </reporter-output>
        </test-method> <!-- setUp -->
        <test-method signature="Remove_Product_From_Cart_Validation()[pri:0, instance:com.poc.tests.Test1@61078690]" started-at="2025-10-19T22:42:13 IST" name="Remove_Product_From_Cart_Validation" finished-at="2025-10-19T22:42:15 IST" duration-ms="2168" status="PASS">
          <reporter-output>
          </reporter-output>
        </test-method> <!-- Remove_Product_From_Cart_Validation -->
        <test-method is-config="true" signature="screenShotIfFail(org.testng.ITestResult)[pri:0, instance:com.poc.tests.Test1@61078690]" started-at="2025-10-19T22:42:15 IST" name="screenShotIfFail" finished-at="2025-10-19T22:42:15 IST" duration-ms="107" status="PASS">
          <params>
            <param index="0">
              <value>
                <![CDATA[[TestResult name=Remove_Product_From_Cart_Validation status=SUCCESS method=Test1.Remove_Product_From_Cart_Validation()[pri:0, instance:com.poc.tests.Test1@61078690] output={null}]]]>
              </value>
            </param>
          </params>
          <reporter-output>
          </reporter-output>
        </test-method> <!-- screenShotIfFail -->
        <test-method is-config="true" signature="setUp(java.lang.String,java.lang.String,org.testng.ITestResult)[pri:0, instance:com.poc.tests.Test1@61078690]" started-at="2025-10-19T22:42:15 IST" name="setUp" finished-at="2025-10-19T22:42:18 IST" duration-ms="3170" status="PASS">
          <params>
            <param index="0">
              <value>
                <![CDATA[chrome]]>
              </value>
            </param>
            <param index="1">
              <value>
                <![CDATA[http://automationexercise.com]]>
              </value>
            </param>
            <param index="2">
              <value>
                <![CDATA[[TestResult name={null} status=CREATED method=Test1.Scroll_Up_Without_Using_Arrow_And_Scroll_down_Validation()[pri:0, instance:com.poc.tests.Test1@61078690] output={null}]]]>
              </value>
            </param>
          </params>
          <reporter-output>
          </reporter-output>
        </test-method> <!-- setUp -->
        <test-method signature="Scroll_Up_Without_Using_Arrow_And_Scroll_down_Validation()[pri:0, instance:com.poc.tests.Test1@61078690]" started-at="2025-10-19T22:42:18 IST" name="Scroll_Up_Without_Using_Arrow_And_Scroll_down_Validation" finished-at="2025-10-19T22:42:18 IST" duration-ms="67" status="PASS">
          <reporter-output>
          </reporter-output>
        </test-method> <!-- Scroll_Up_Without_Using_Arrow_And_Scroll_down_Validation -->
        <test-method is-config="true" signature="screenShotIfFail(org.testng.ITestResult)[pri:0, instance:com.poc.tests.Test1@61078690]" started-at="2025-10-19T22:42:18 IST" name="screenShotIfFail" finished-at="2025-10-19T22:42:18 IST" duration-ms="105" status="PASS">
          <params>
            <param index="0">
              <value>
                <![CDATA[[TestResult name=Scroll_Up_Without_Using_Arrow_And_Scroll_down_Validation status=SUCCESS method=Test1.Scroll_Up_Without_Using_Arrow_And_Scroll_down_Validation()[pri:0, instance:com.poc.tests.Test1@61078690] output={null}]]]>
              </value>
            </param>
          </params>
          <reporter-output>
          </reporter-output>
        </test-method> <!-- screenShotIfFail -->
        <test-method is-config="true" signature="setUp(java.lang.String,java.lang.String,org.testng.ITestResult)[pri:0, instance:com.poc.tests.Test1@61078690]" started-at="2025-10-19T22:42:18 IST" name="setUp" finished-at="2025-10-19T22:42:21 IST" duration-ms="2908" status="PASS">
          <params>
            <param index="0">
              <value>
                <![CDATA[chrome]]>
              </value>
            </param>
            <param index="1">
              <value>
                <![CDATA[http://automationexercise.com]]>
              </value>
            </param>
            <param index="2">
              <value>
                <![CDATA[[TestResult name={null} status=CREATED method=Test1.Scroll_Up_using_Arrow_And_Scroll_down_Validation()[pri:0, instance:com.poc.tests.Test1@61078690] output={null}]]]>
              </value>
            </param>
          </params>
          <reporter-output>
          </reporter-output>
        </test-method> <!-- setUp -->
        <test-method signature="Scroll_Up_using_Arrow_And_Scroll_down_Validation()[pri:0, instance:com.poc.tests.Test1@61078690]" started-at="2025-10-19T22:42:21 IST" name="Scroll_Up_using_Arrow_And_Scroll_down_Validation" finished-at="2025-10-19T22:42:21 IST" duration-ms="104" status="PASS">
          <reporter-output>
          </reporter-output>
        </test-method> <!-- Scroll_Up_using_Arrow_And_Scroll_down_Validation -->
        <test-method is-config="true" signature="screenShotIfFail(org.testng.ITestResult)[pri:0, instance:com.poc.tests.Test1@61078690]" started-at="2025-10-19T22:42:21 IST" name="screenShotIfFail" finished-at="2025-10-19T22:42:21 IST" duration-ms="98" status="PASS">
          <params>
            <param index="0">
              <value>
                <![CDATA[[TestResult name=Scroll_Up_using_Arrow_And_Scroll_down_Validation status=SUCCESS method=Test1.Scroll_Up_using_Arrow_And_Scroll_down_Validation()[pri:0, instance:com.poc.tests.Test1@61078690] output={null}]]]>
              </value>
            </param>
          </params>
          <reporter-output>
          </reporter-output>
        </test-method> <!-- screenShotIfFail -->
        <test-method is-config="true" signature="setUp(java.lang.String,java.lang.String,org.testng.ITestResult)[pri:0, instance:com.poc.tests.Test1@61078690]" started-at="2025-10-19T22:42:21 IST" name="setUp" finished-at="2025-10-19T22:42:25 IST" duration-ms="3361" status="PASS">
          <params>
            <param index="0">
              <value>
                <![CDATA[chrome]]>
              </value>
            </param>
            <param index="1">
              <value>
                <![CDATA[http://automationexercise.com]]>
              </value>
            </param>
            <param index="2">
              <value>
                <![CDATA[[TestResult name={null} status=CREATED method=Test1.Search_Products_Validation()[pri:0, instance:com.poc.tests.Test1@61078690] output={null}]]]>
              </value>
            </param>
          </params>
          <reporter-output>
          </reporter-output>
        </test-method> <!-- setUp -->
        <test-method signature="Search_Products_Validation()[pri:0, instance:com.poc.tests.Test1@61078690]" started-at="2025-10-19T22:42:25 IST" name="Search_Products_Validation" finished-at="2025-10-19T22:42:27 IST" duration-ms="2468" status="PASS">
          <reporter-output>
          </reporter-output>
        </test-method> <!-- Search_Products_Validation -->
        <test-method is-config="true" signature="screenShotIfFail(org.testng.ITestResult)[pri:0, instance:com.poc.tests.Test1@61078690]" started-at="2025-10-19T22:42:27 IST" name="screenShotIfFail" finished-at="2025-10-19T22:42:27 IST" duration-ms="94" status="PASS">
          <params>
            <param index="0">
              <value>
                <![CDATA[[TestResult name=Search_Products_Validation status=SUCCESS method=Test1.Search_Products_Validation()[pri:0, instance:com.poc.tests.Test1@61078690] output={null}]]]>
              </value>
            </param>
          </params>
          <reporter-output>
          </reporter-output>
        </test-method> <!-- screenShotIfFail -->
        <test-method is-config="true" signature="setUp(java.lang.String,java.lang.String,org.testng.ITestResult)[pri:0, instance:com.poc.tests.Test1@61078690]" started-at="2025-10-19T22:42:27 IST" name="setUp" finished-at="2025-10-19T22:42:30 IST" duration-ms="2466" status="PASS">
          <params>
            <param index="0">
              <value>
                <![CDATA[chrome]]>
              </value>
            </param>
            <param index="1">
              <value>
                <![CDATA[http://automationexercise.com]]>
              </value>
            </param>
            <param index="2">
              <value>
                <![CDATA[[TestResult name={null} status=CREATED method=Test1.Subscription_Validation()[pri:0, instance:com.poc.tests.Test1@61078690] output={null}]]]>
              </value>
            </param>
          </params>
          <reporter-output>
          </reporter-output>
        </test-method> <!-- setUp -->
        <test-method signature="Subscription_Validation()[pri:0, instance:com.poc.tests.Test1@61078690]" started-at="2025-10-19T22:42:30 IST" name="Subscription_Validation" finished-at="2025-10-19T22:42:30 IST" duration-ms="170" status="PASS">
          <reporter-output>
          </reporter-output>
        </test-method> <!-- Subscription_Validation -->
        <test-method is-config="true" signature="screenShotIfFail(org.testng.ITestResult)[pri:0, instance:com.poc.tests.Test1@61078690]" started-at="2025-10-19T22:42:30 IST" name="screenShotIfFail" finished-at="2025-10-19T22:42:30 IST" duration-ms="83" status="PASS">
          <params>
            <param index="0">
              <value>
                <![CDATA[[TestResult name=Subscription_Validation status=SUCCESS method=Test1.Subscription_Validation()[pri:0, instance:com.poc.tests.Test1@61078690] output={null}]]]>
              </value>
            </param>
          </params>
          <reporter-output>
          </reporter-output>
        </test-method> <!-- screenShotIfFail -->
        <test-method is-config="true" signature="setUp(java.lang.String,java.lang.String,org.testng.ITestResult)[pri:0, instance:com.poc.tests.Test1@61078690]" started-at="2025-10-19T22:42:30 IST" name="setUp" finished-at="2025-10-19T22:42:33 IST" duration-ms="3072" status="PASS">
          <params>
            <param index="0">
              <value>
                <![CDATA[chrome]]>
              </value>
            </param>
            <param index="1">
              <value>
                <![CDATA[http://automationexercise.com]]>
              </value>
            </param>
            <param index="2">
              <value>
                <![CDATA[[TestResult name={null} status=CREATED method=Test1.Testcases_Page_Validation()[pri:0, instance:com.poc.tests.Test1@61078690] output={null}]]]>
              </value>
            </param>
          </params>
          <reporter-output>
          </reporter-output>
        </test-method> <!-- setUp -->
        <test-method signature="Testcases_Page_Validation()[pri:0, instance:com.poc.tests.Test1@61078690]" started-at="2025-10-19T22:42:33 IST" name="Testcases_Page_Validation" finished-at="2025-10-19T22:42:34 IST" duration-ms="595" status="PASS">
          <reporter-output>
          </reporter-output>
        </test-method> <!-- Testcases_Page_Validation -->
        <test-method is-config="true" signature="screenShotIfFail(org.testng.ITestResult)[pri:0, instance:com.poc.tests.Test1@61078690]" started-at="2025-10-19T22:42:34 IST" name="screenShotIfFail" finished-at="2025-10-19T22:42:34 IST" duration-ms="105" status="PASS">
          <params>
            <param index="0">
              <value>
                <![CDATA[[TestResult name=Testcases_Page_Validation status=SUCCESS method=Test1.Testcases_Page_Validation()[pri:0, instance:com.poc.tests.Test1@61078690] output={null}]]]>
              </value>
            </param>
          </params>
          <reporter-output>
          </reporter-output>
        </test-method> <!-- screenShotIfFail -->
        <test-method is-config="true" signature="setUp(java.lang.String,java.lang.String,org.testng.ITestResult)[pri:0, instance:com.poc.tests.Test1@61078690]" started-at="2025-10-19T22:42:34 IST" name="setUp" finished-at="2025-10-19T22:42:37 IST" duration-ms="2838" status="PASS">
          <params>
            <param index="0">
              <value>
                <![CDATA[chrome]]>
              </value>
            </param>
            <param index="1">
              <value>
                <![CDATA[http://automationexercise.com]]>
              </value>
            </param>
            <param index="2">
              <value>
                <![CDATA[[TestResult name={null} status=CREATED method=Test1.View_Brand_Products_Validation()[pri:0, instance:com.poc.tests.Test1@61078690] output={null}]]]>
              </value>
            </param>
          </params>
          <reporter-output>
          </reporter-output>
        </test-method> <!-- setUp -->
        <test-method signature="View_Brand_Products_Validation()[pri:0, instance:com.poc.tests.Test1@61078690]" started-at="2025-10-19T22:42:37 IST" name="View_Brand_Products_Validation" finished-at="2025-10-19T22:42:41 IST" duration-ms="4296" status="PASS">
          <reporter-output>
          </reporter-output>
        </test-method> <!-- View_Brand_Products_Validation -->
        <test-method is-config="true" signature="screenShotIfFail(org.testng.ITestResult)[pri:0, instance:com.poc.tests.Test1@61078690]" started-at="2025-10-19T22:42:41 IST" name="screenShotIfFail" finished-at="2025-10-19T22:42:41 IST" duration-ms="106" status="PASS">
          <params>
            <param index="0">
              <value>
                <![CDATA[[TestResult name=View_Brand_Products_Validation status=SUCCESS method=Test1.View_Brand_Products_Validation()[pri:0, instance:com.poc.tests.Test1@61078690] output={null}]]]>
              </value>
            </param>
          </params>
          <reporter-output>
          </reporter-output>
        </test-method> <!-- screenShotIfFail -->
        <test-method is-config="true" signature="setUp(java.lang.String,java.lang.String,org.testng.ITestResult)[pri:0, instance:com.poc.tests.Test1@61078690]" started-at="2025-10-19T22:42:41 IST" name="setUp" finished-at="2025-10-19T22:42:44 IST" duration-ms="2807" status="PASS">
          <params>
            <param index="0">
              <value>
                <![CDATA[chrome]]>
              </value>
            </param>
            <param index="1">
              <value>
                <![CDATA[http://automationexercise.com]]>
              </value>
            </param>
            <param index="2">
              <value>
                <![CDATA[[TestResult name={null} status=CREATED method=Test1.View_Category_Products_Validation()[pri:0, instance:com.poc.tests.Test1@61078690] output={null}]]]>
              </value>
            </param>
          </params>
          <reporter-output>
          </reporter-output>
        </test-method> <!-- setUp -->
        <test-method signature="View_Category_Products_Validation()[pri:0, instance:com.poc.tests.Test1@61078690]" started-at="2025-10-19T22:42:44 IST" name="View_Category_Products_Validation" finished-at="2025-10-19T22:42:53 IST" duration-ms="9142" status="PASS">
          <reporter-output>
          </reporter-output>
        </test-method> <!-- View_Category_Products_Validation -->
        <test-method is-config="true" signature="screenShotIfFail(org.testng.ITestResult)[pri:0, instance:com.poc.tests.Test1@61078690]" started-at="2025-10-19T22:42:53 IST" name="screenShotIfFail" finished-at="2025-10-19T22:42:53 IST" duration-ms="130" status="PASS">
          <params>
            <param index="0">
              <value>
                <![CDATA[[TestResult name=View_Category_Products_Validation status=SUCCESS method=Test1.View_Category_Products_Validation()[pri:0, instance:com.poc.tests.Test1@61078690] output={null}]]]>
              </value>
            </param>
          </params>
          <reporter-output>
          </reporter-output>
        </test-method> <!-- screenShotIfFail -->
        <test-method is-config="true" signature="setUp(java.lang.String,java.lang.String,org.testng.ITestResult)[pri:0, instance:com.poc.tests.Test1@61078690]" started-at="2025-10-19T22:42:53 IST" name="setUp" finished-at="2025-10-19T22:42:56 IST" duration-ms="2575" status="PASS">
          <params>
            <param index="0">
              <value>
                <![CDATA[chrome]]>
              </value>
            </param>
            <param index="1">
              <value>
                <![CDATA[http://automationexercise.com]]>
              </value>
            </param>
            <param index="2">
              <value>
                <![CDATA[[TestResult name={null} status=CREATED method=Test1.scubscription_In_Cart_Page_Validation()[pri:0, instance:com.poc.tests.Test1@61078690] output={null}]]]>
              </value>
            </param>
          </params>
          <reporter-output>
          </reporter-output>
        </test-method> <!-- setUp -->
        <test-method signature="scubscription_In_Cart_Page_Validation()[pri:0, instance:com.poc.tests.Test1@61078690]" started-at="2025-10-19T22:42:56 IST" name="scubscription_In_Cart_Page_Validation" finished-at="2025-10-19T22:42:57 IST" duration-ms="769" status="PASS">
          <reporter-output>
          </reporter-output>
        </test-method> <!-- scubscription_In_Cart_Page_Validation -->
        <test-method is-config="true" signature="screenShotIfFail(org.testng.ITestResult)[pri:0, instance:com.poc.tests.Test1@61078690]" started-at="2025-10-19T22:42:57 IST" name="screenShotIfFail" finished-at="2025-10-19T22:42:57 IST" duration-ms="93" status="PASS">
          <params>
            <param index="0">
              <value>
                <![CDATA[[TestResult name=scubscription_In_Cart_Page_Validation status=SUCCESS method=Test1.scubscription_In_Cart_Page_Validation()[pri:0, instance:com.poc.tests.Test1@61078690] output={null}]]]>
              </value>
            </param>
          </params>
          <reporter-output>
          </reporter-output>
        </test-method> <!-- screenShotIfFail -->
      </class> <!-- com.poc.tests.Test1 -->
    </test> <!-- Sanity tests -->
  </suite> <!-- Poc automation suite -->
</testng-results>
