<!DOCTYPE html PUBLIC "-//W3C//DTD XHTML 1.1//EN" "https://www.w3.org/TR/xhtml11/DTD/xhtml11.dtd">
<html xmlns="https://www.w3.org/1999/xhtml">
<head>
<meta http-equiv="content-type" content="text/html; charset=UTF-8"/>
<title>TestNG Report</title>
<style type="text/css">table {margin-bottom:10px;border-collapse:collapse;empty-cells:show}th,td {border:1px solid #009;padding:.25em .5em}th {vertical-align:bottom}td {vertical-align:top}table a {font-weight:bold}.stripe td {background-color: #E6EBF9}.num {text-align:right}.passedodd td {background-color: #3F3}.passedeven td {background-color: #0A0}.skippedodd td {background-color: #DDD}.skippedeven td {background-color: #CCC}.failedodd td,.attn {background-color: #F33}.failedeven td,.stripe .attn {background-color: #D00}.stacktrace {white-space:pre;font-family:monospace}.totop {font-size:85%;text-align:center;border-bottom:2px solid #000}.invisible {display:none}</style>
</head>
<body>
<table>
<tr><th>Test</th><th># Passed</th><th># Skipped</th><th># Retried</th><th># Failed</th><th>Time (ms)</th><th>Included Groups</th><th>Excluded Groups</th></tr>
<tr><th colspan="8">Default suite</th></tr>
<tr><td><a href="#t0">Default test</a></td><td class="num">19</td><td class="num">0</td><td class="num">0</td><td class="num attn">2</td><td class="num">117,193</td><td></td><td></td></tr>
</table>
<table id='summary'><thead><tr><th>Class</th><th>Method</th><th>Start</th><th>Time (ms)</th></tr></thead><tbody><tr><th colspan="4">Default suite</th></tr></tbody><tbody id="t0"><tr><th colspan="4">Default test &#8212; failed</th></tr><tr class="failedeven"><td rowspan="2">com.poc.tests.Test1</td><td><a href="#m0">Add_Recommended_Products_Validation</a></td><td rowspan="1">1760893157798</td><td rowspan="1">57</td></tr><tr class="failedeven"><td><a href="#m1">Login_Validation</a></td><td rowspan="1">1760893186841</td><td rowspan="1">1319</td></tr><tr><th colspan="4">Default test &#8212; passed</th></tr><tr class="passedeven"><td rowspan="19">com.poc.tests.Test1</td><td><a href="#m2">Add_Products_To_Cart_Validation</a></td><td rowspan="1">1760893148434</td><td rowspan="1">7050</td></tr><tr class="passedeven"><td><a href="#m3">Add_Recommended_Products_Validation</a></td><td rowspan="2">1760893165838</td><td rowspan="2">1748</td></tr><tr class="passedeven"><td><a href="#m4">Add_Recommended_Products_Validation</a></td></tr><tr class="passedeven"><td><a href="#m5">Add_Review_On_Product_Validation</a></td><td rowspan="1">1760893170996</td><td rowspan="1">3129</td></tr><tr class="passedeven"><td><a href="#m6">Contact_Us_Form_Validation</a></td><td rowspan="1">1760893177217</td><td rowspan="1">2353</td></tr><tr class="passedeven"><td><a href="#m7">Invalid_Login_Validation</a></td><td rowspan="1">1760893182517</td><td rowspan="1">1276</td></tr><tr class="passedeven"><td><a href="#m8">Logout_Validation</a></td><td rowspan="1">1760893192528</td><td rowspan="1">4143</td></tr><tr class="passedeven"><td><a href="#m9">Product_Quantity_In_Cart_Validation</a></td><td rowspan="1">1760893199639</td><td rowspan="1">2448</td></tr><tr class="passedeven"><td><a href="#m10">Register_User_Validation</a></td><td rowspan="1">1760893204716</td><td rowspan="1">5668</td></tr><tr class="passedeven"><td><a href="#m11">Register_User_With_Existing_Email_Validation</a></td><td rowspan="1">1760893212642</td><td rowspan="1">1327</td></tr><tr class="passedeven"><td><a href="#m12">Remove_Product_From_Cart_Validation</a></td><td rowspan="1">1760893217359</td><td rowspan="1">2190</td></tr><tr class="passedeven"><td><a href="#m13">Scroll_Up_Without_Using_Arrow_And_Scroll_down_Validation</a></td><td rowspan="1">1760893222275</td><td rowspan="1">76</td></tr><tr class="passedeven"><td><a href="#m14">Scroll_Up_using_Arrow_And_Scroll_down_Validation</a></td><td rowspan="1">1760893225443</td><td rowspan="1">106</td></tr><tr class="passedeven"><td><a href="#m15">Search_Products_Validation</a></td><td rowspan="1">1760893228994</td><td rowspan="1">3904</td></tr><tr class="passedeven"><td><a href="#m16">Subscription_Validation</a></td><td rowspan="1">1760893235982</td><td rowspan="1">169</td></tr><tr class="passedeven"><td><a href="#m17">Testcases_Page_Validation</a></td><td rowspan="1">1760893239678</td><td rowspan="1">610</td></tr><tr class="passedeven"><td><a href="#m18">View_Brand_Products_Validation</a></td><td rowspan="1">1760893242804</td><td rowspan="1">3944</td></tr><tr class="passedeven"><td><a href="#m19">View_Category_Products_Validation</a></td><td rowspan="1">1760893249309</td><td rowspan="1">8205</td></tr><tr class="passedeven"><td><a href="#m20">scubscription_In_Cart_Page_Validation</a></td><td rowspan="1">1760893260201</td><td rowspan="1">1203</td></tr></tbody>
</table>
<h2>Default test</h2><h3 id="m0">com.poc.tests.Test1#Add_Recommended_Products_Validation</h3><table class="result"><tr class="param"><th>Parameter #1</th></tr><tr class="param stripe"><td>Wnter Top</td></tr><tr><th>Exception</th></tr><tr><td><div class="stacktrace">java.lang.AssertionError: Recommended product Wnter Top not found
	at org.testng.Assert.fail(Assert.java:111)
	at com.poc.pages.Poc_Home_page.selectRecommendedProductandAddtoCart(Poc_Home_page.java:216)
	at com.poc.tests.Test1.Add_Recommended_Products_Validation(Test1.java:367)
	at java.base/jdk.internal.reflect.DirectMethodHandleAccessor.invoke(DirectMethodHandleAccessor.java:103)
	at java.base/java.lang.reflect.Method.invoke(Method.java:580)
	at org.testng.internal.invokers.MethodInvocationHelper.invokeMethod(MethodInvocationHelper.java:141)
	at org.testng.internal.invokers.TestInvoker.invokeMethod(TestInvoker.java:687)
	at org.testng.internal.invokers.TestInvoker.invokeTestMethod(TestInvoker.java:230)
	at org.testng.internal.invokers.MethodRunner.runInSequence(MethodRunner.java:63)
	at org.testng.internal.invokers.TestInvoker$MethodInvocationAgent.invoke(TestInvoker.java:995)
	at org.testng.internal.invokers.TestInvoker.invokeTestMethods(TestInvoker.java:203)
	at org.testng.internal.invokers.TestMethodWorker.invokeTestMethods(TestMethodWorker.java:154)
	at org.testng.internal.invokers.TestMethodWorker.run(TestMethodWorker.java:134)
	at java.base/java.util.ArrayList.forEach(ArrayList.java:1596)
	at org.testng.TestRunner.privateRun(TestRunner.java:741)
	at org.testng.TestRunner.run(TestRunner.java:616)
	at org.testng.SuiteRunner.runTest(SuiteRunner.java:421)
	at org.testng.SuiteRunner.runSequentially(SuiteRunner.java:413)
	at org.testng.SuiteRunner.privateRun(SuiteRunner.java:373)
	at org.testng.SuiteRunner.run(SuiteRunner.java:312)
	at org.testng.SuiteRunnerWorker.runSuite(SuiteRunnerWorker.java:52)
	at org.testng.SuiteRunnerWorker.run(SuiteRunnerWorker.java:95)
	at org.testng.TestNG.runSuitesSequentially(TestNG.java:1274)
	at org.testng.TestNG.runSuitesLocally(TestNG.java:1208)
	at org.testng.TestNG.runSuites(TestNG.java:1112)
	at org.testng.TestNG.run(TestNG.java:1079)
	at org.testng.remote.AbstractRemoteTestNG.run(AbstractRemoteTestNG.java:115)
	at org.testng.remote.RemoteTestNG.initAndRun(RemoteTestNG.java:293)
	at org.testng.remote.RemoteTestNG.main(RemoteTestNG.java:91)
</div></td></tr></table><p class="totop"><a href="#summary">back to summary</a></p>
<h3 id="m1">com.poc.tests.Test1#Login_Validation</h3><table class="result"><tr><th>Exception</th></tr><tr><td><div class="stacktrace">java.lang.AssertionError: User login failed expected [true] but found [false]
	at org.testng.Assert.fail(Assert.java:111)
	at org.testng.Assert.failNotEquals(Assert.java:1590)
	at org.testng.Assert.assertTrue(Assert.java:57)
	at com.poc.tests.Test1.Login_Validation(Test1.java:88)
	at java.base/jdk.internal.reflect.DirectMethodHandleAccessor.invoke(DirectMethodHandleAccessor.java:103)
	at java.base/java.lang.reflect.Method.invoke(Method.java:580)
	at org.testng.internal.invokers.MethodInvocationHelper.invokeMethod(MethodInvocationHelper.java:141)
	at org.testng.internal.invokers.TestInvoker.invokeMethod(TestInvoker.java:687)
	at org.testng.internal.invokers.TestInvoker.invokeTestMethod(TestInvoker.java:230)
	at org.testng.internal.invokers.MethodRunner.runInSequence(MethodRunner.java:63)
	at org.testng.internal.invokers.TestInvoker$MethodInvocationAgent.invoke(TestInvoker.java:995)
	at org.testng.internal.invokers.TestInvoker.invokeTestMethods(TestInvoker.java:203)
	at org.testng.internal.invokers.TestMethodWorker.invokeTestMethods(TestMethodWorker.java:154)
	at org.testng.internal.invokers.TestMethodWorker.run(TestMethodWorker.java:134)
	at java.base/java.util.ArrayList.forEach(ArrayList.java:1596)
	at org.testng.TestRunner.privateRun(TestRunner.java:741)
	at org.testng.TestRunner.run(TestRunner.java:616)
	at org.testng.SuiteRunner.runTest(SuiteRunner.java:421)
	at org.testng.SuiteRunner.runSequentially(SuiteRunner.java:413)
	at org.testng.SuiteRunner.privateRun(SuiteRunner.java:373)
	at org.testng.SuiteRunner.run(SuiteRunner.java:312)
	at org.testng.SuiteRunnerWorker.runSuite(SuiteRunnerWorker.java:52)
	at org.testng.SuiteRunnerWorker.run(SuiteRunnerWorker.java:95)
	at org.testng.TestNG.runSuitesSequentially(TestNG.java:1274)
	at org.testng.TestNG.runSuitesLocally(TestNG.java:1208)
	at org.testng.TestNG.runSuites(TestNG.java:1112)
	at org.testng.TestNG.run(TestNG.java:1079)
	at org.testng.remote.AbstractRemoteTestNG.run(AbstractRemoteTestNG.java:115)
	at org.testng.remote.RemoteTestNG.initAndRun(RemoteTestNG.java:293)
	at org.testng.remote.RemoteTestNG.main(RemoteTestNG.java:91)
</div></td></tr></table><p class="totop"><a href="#summary">back to summary</a></p>
<h3 id="m2">com.poc.tests.Test1#Add_Products_To_Cart_Validation</h3><table class="result"><tr><th class="invisible"/></tr></table><p class="totop"><a href="#summary">back to summary</a></p>
<h3 id="m3">com.poc.tests.Test1#Add_Recommended_Products_Validation</h3><table class="result"><tr class="param"><th>Parameter #1</th></tr><tr class="param stripe"><td>Summer White Top</td></tr></table><p class="totop"><a href="#summary">back to summary</a></p>
<h3 id="m4">com.poc.tests.Test1#Add_Recommended_Products_Validation</h3><table class="result"><tr class="param"><th>Parameter #1</th></tr><tr class="param stripe"><td>Stylish Dress</td></tr></table><p class="totop"><a href="#summary">back to summary</a></p>
<h3 id="m5">com.poc.tests.Test1#Add_Review_On_Product_Validation</h3><table class="result"><tr><th class="invisible"/></tr></table><p class="totop"><a href="#summary">back to summary</a></p>
<h3 id="m6">com.poc.tests.Test1#Contact_Us_Form_Validation</h3><table class="result"><tr><th class="invisible"/></tr></table><p class="totop"><a href="#summary">back to summary</a></p>
<h3 id="m7">com.poc.tests.Test1#Invalid_Login_Validation</h3><table class="result"><tr><th class="invisible"/></tr></table><p class="totop"><a href="#summary">back to summary</a></p>
<h3 id="m8">com.poc.tests.Test1#Logout_Validation</h3><table class="result"><tr><th class="invisible"/></tr></table><p class="totop"><a href="#summary">back to summary</a></p>
<h3 id="m9">com.poc.tests.Test1#Product_Quantity_In_Cart_Validation</h3><table class="result"><tr><th class="invisible"/></tr></table><p class="totop"><a href="#summary">back to summary</a></p>
<h3 id="m10">com.poc.tests.Test1#Register_User_Validation</h3><table class="result"><tr><th class="invisible"/></tr></table><p class="totop"><a href="#summary">back to summary</a></p>
<h3 id="m11">com.poc.tests.Test1#Register_User_With_Existing_Email_Validation</h3><table class="result"><tr><th class="invisible"/></tr></table><p class="totop"><a href="#summary">back to summary</a></p>
<h3 id="m12">com.poc.tests.Test1#Remove_Product_From_Cart_Validation</h3><table class="result"><tr><th class="invisible"/></tr></table><p class="totop"><a href="#summary">back to summary</a></p>
<h3 id="m13">com.poc.tests.Test1#Scroll_Up_Without_Using_Arrow_And_Scroll_down_Validation</h3><table class="result"><tr><th class="invisible"/></tr></table><p class="totop"><a href="#summary">back to summary</a></p>
<h3 id="m14">com.poc.tests.Test1#Scroll_Up_using_Arrow_And_Scroll_down_Validation</h3><table class="result"><tr><th class="invisible"/></tr></table><p class="totop"><a href="#summary">back to summary</a></p>
<h3 id="m15">com.poc.tests.Test1#Search_Products_Validation</h3><table class="result"><tr><th class="invisible"/></tr></table><p class="totop"><a href="#summary">back to summary</a></p>
<h3 id="m16">com.poc.tests.Test1#Subscription_Validation</h3><table class="result"><tr><th class="invisible"/></tr></table><p class="totop"><a href="#summary">back to summary</a></p>
<h3 id="m17">com.poc.tests.Test1#Testcases_Page_Validation</h3><table class="result"><tr><th class="invisible"/></tr></table><p class="totop"><a href="#summary">back to summary</a></p>
<h3 id="m18">com.poc.tests.Test1#View_Brand_Products_Validation</h3><table class="result"><tr><th class="invisible"/></tr></table><p class="totop"><a href="#summary">back to summary</a></p>
<h3 id="m19">com.poc.tests.Test1#View_Category_Products_Validation</h3><table class="result"><tr><th class="invisible"/></tr></table><p class="totop"><a href="#summary">back to summary</a></p>
<h3 id="m20">com.poc.tests.Test1#scubscription_In_Cart_Page_Validation</h3><table class="result"><tr><th class="invisible"/></tr></table><p class="totop"><a href="#summary">back to summary</a></p>
</body>
</html>
