<!DOCTYPE html>

<html>
  <head>
  <meta charset='utf-8'>
  <title>TestNG reports</title>

    <link type="text/css" href="testng-reports1.css" rel="stylesheet" id="ultra" />
    <link type="text/css" href="testng-reports.css" rel="stylesheet" id="retro" disabled="false"/>
    <script type="text/javascript" src="jquery-3.6.0.min.js"></script>
    <script type="text/javascript" src="testng-reports.js"></script>
    <script type="text/javascript" src="https://www.google.com/jsapi"></script>
    <script type='text/javascript'>
      google.load('visualization', '1', {packages:['table']});
      google.setOnLoadCallback(drawTable);
      var suiteTableInitFunctions = new Array();
      var suiteTableData = new Array();
    </script>
    <!--
      <script type="text/javascript" src="jquery-ui/js/jquery-ui-1.8.16.custom.min.js"></script>
     -->
  </head>

  <body>    <div class="top-banner-root">
      <span class="top-banner-title-font">Test results</span>
      <button id="button" class="button">Switch Retro Theme</button> <!-- button -->
      <br/>
      <span class="top-banner-font-1">1 suite, 2 failed tests</span>
    </div> <!-- top-banner-root -->
    <div class="navigator-root">
      <div class="navigator-suite-header">
        <span>All suites</span>
        <a href="#" title="Collapse/expand all the suites" class="collapse-all-link">
          <img src="collapseall.gif" class="collapse-all-icon">
          </img> <!-- collapse-all-icon -->
        </a> <!-- collapse-all-link -->
      </div> <!-- navigator-suite-header -->
      <div class="suite">
        <div class="rounded-window">
          <div class="suite-header light-rounded-window-top">
            <a href="#" panel-name="suite-Default_suite" class="navigator-link">
              <span class="suite-name border-failed">Default suite</span>
            </a> <!-- navigator-link -->
          </div> <!-- suite-header light-rounded-window-top -->
          <div class="navigator-suite-content">
            <div class="suite-section-title">
              <span>Info</span>
            </div> <!-- suite-section-title -->
            <div class="suite-section-content">
              <ul>
                <li>
                  <a href="#" panel-name="test-xml-Default_suite" class="navigator-link ">
                    <span>C:\Users\sreehari\AppData\Local\Temp\testng-eclipse-925387754\testng-customsuite.xml</span>
                  </a> <!-- navigator-link  -->
                </li>
                <li>
                  <a href="#" panel-name="testlist-Default_suite" class="navigator-link ">
                    <span class="test-stats">1 test</span>
                  </a> <!-- navigator-link  -->
                </li>
                <li>
                  <a href="#" panel-name="group-Default_suite" class="navigator-link ">
                    <span>0 groups</span>
                  </a> <!-- navigator-link  -->
                </li>
                <li>
                  <a href="#" panel-name="times-Default_suite" class="navigator-link ">
                    <span>Times</span>
                  </a> <!-- navigator-link  -->
                </li>
                <li>
                  <a href="#" panel-name="reporter-Default_suite" class="navigator-link ">
                    <span>Reporter output</span>
                  </a> <!-- navigator-link  -->
                </li>
                <li>
                  <a href="#" panel-name="ignored-methods-Default_suite" class="navigator-link ">
                    <span>Ignored methods</span>
                  </a> <!-- navigator-link  -->
                </li>
                <li>
                  <a href="#" panel-name="chronological-Default_suite" class="navigator-link ">
                    <span>Chronological view</span>
                  </a> <!-- navigator-link  -->
                </li>
              </ul>
            </div> <!-- suite-section-content -->
            <div class="result-section">
              <div class="suite-section-title">
                <span>Results</span>
              </div> <!-- suite-section-title -->
              <div class="suite-section-content">
                <ul>
                  <li>
                    <span class="method-stats">21 methods, 2 failed,   19 passed</span>
                  </li>
                  <li>
                    <span class="method-list-title failed">Failed methods</span>
                    <span class="show-or-hide-methods failed">
                      <a href="#" panel-name="suite-Default_suite" class="hide-methods failed suite-Default_suite"> (hide)</a> <!-- hide-methods failed suite-Default_suite -->
                      <a href="#" panel-name="suite-Default_suite" class="show-methods failed suite-Default_suite"> (show)</a> <!-- show-methods failed suite-Default_suite -->
                    </span>
                    <div class="method-list-content failed suite-Default_suite">
                      <span>
                        <img src="failed.png" width="3%"/>
                        <a href="#" panel-name="suite-Default_suite" title="com.poc.tests.Test1" class="method navigator-link" hash-for-method="Add_Recommended_Products_Validation(Wnter Top)">Add_Recommended_Products_Validation(Wnter Top)</a> <!-- method navigator-link -->
                      </span>
                      <br/>
                      <span>
                        <img src="failed.png" width="3%"/>
                        <a href="#" panel-name="suite-Default_suite" title="com.poc.tests.Test1" class="method navigator-link" hash-for-method="Login_Validation">Login_Validation</a> <!-- method navigator-link -->
                      </span>
                      <br/>
                    </div> <!-- method-list-content failed suite-Default_suite -->
                  </li>
                  <li>
                    <span class="method-list-title passed">Passed methods</span>
                    <span class="show-or-hide-methods passed">
                      <a href="#" panel-name="suite-Default_suite" class="hide-methods passed suite-Default_suite"> (hide)</a> <!-- hide-methods passed suite-Default_suite -->
                      <a href="#" panel-name="suite-Default_suite" class="show-methods passed suite-Default_suite"> (show)</a> <!-- show-methods passed suite-Default_suite -->
                    </span>
                    <div class="method-list-content passed suite-Default_suite">
                      <span>
                        <img src="passed.png" width="3%"/>
                        <a href="#" panel-name="suite-Default_suite" title="com.poc.tests.Test1" class="method navigator-link" hash-for-method="Add_Products_To_Cart_Validation">Add_Products_To_Cart_Validation</a> <!-- method navigator-link -->
                      </span>
                      <br/>
                      <span>
                        <img src="passed.png" width="3%"/>
                        <a href="#" panel-name="suite-Default_suite" title="com.poc.tests.Test1" class="method navigator-link" hash-for-method="Add_Recommended_Products_Validation(Summer White Top)">Add_Recommended_Products_Validation(Summer White Top)</a> <!-- method navigator-link -->
                      </span>
                      <br/>
                      <span>
                        <img src="passed.png" width="3%"/>
                        <a href="#" panel-name="suite-Default_suite" title="com.poc.tests.Test1" class="method navigator-link" hash-for-method="Add_Recommended_Products_Validation(Stylish Dress)">Add_Recommended_Products_Validation(Stylish Dress)</a> <!-- method navigator-link -->
                      </span>
                      <br/>
                      <span>
                        <img src="passed.png" width="3%"/>
                        <a href="#" panel-name="suite-Default_suite" title="com.poc.tests.Test1" class="method navigator-link" hash-for-method="Add_Review_On_Product_Validation">Add_Review_On_Product_Validation</a> <!-- method navigator-link -->
                      </span>
                      <br/>
                      <span>
                        <img src="passed.png" width="3%"/>
                        <a href="#" panel-name="suite-Default_suite" title="com.poc.tests.Test1" class="method navigator-link" hash-for-method="Contact_Us_Form_Validation">Contact_Us_Form_Validation</a> <!-- method navigator-link -->
                      </span>
                      <br/>
                      <span>
                        <img src="passed.png" width="3%"/>
                        <a href="#" panel-name="suite-Default_suite" title="com.poc.tests.Test1" class="method navigator-link" hash-for-method="Invalid_Login_Validation">Invalid_Login_Validation</a> <!-- method navigator-link -->
                      </span>
                      <br/>
                      <span>
                        <img src="passed.png" width="3%"/>
                        <a href="#" panel-name="suite-Default_suite" title="com.poc.tests.Test1" class="method navigator-link" hash-for-method="Logout_Validation">Logout_Validation</a> <!-- method navigator-link -->
                      </span>
                      <br/>
                      <span>
                        <img src="passed.png" width="3%"/>
                        <a href="#" panel-name="suite-Default_suite" title="com.poc.tests.Test1" class="method navigator-link" hash-for-method="Product_Quantity_In_Cart_Validation">Product_Quantity_In_Cart_Validation</a> <!-- method navigator-link -->
                      </span>
                      <br/>
                      <span>
                        <img src="passed.png" width="3%"/>
                        <a href="#" panel-name="suite-Default_suite" title="com.poc.tests.Test1" class="method navigator-link" hash-for-method="Register_User_Validation">Register_User_Validation</a> <!-- method navigator-link -->
                      </span>
                      <br/>
                      <span>
                        <img src="passed.png" width="3%"/>
                        <a href="#" panel-name="suite-Default_suite" title="com.poc.tests.Test1" class="method navigator-link" hash-for-method="Register_User_With_Existing_Email_Validation">Register_User_With_Existing_Email_Validation</a> <!-- method navigator-link -->
                      </span>
                      <br/>
                      <span>
                        <img src="passed.png" width="3%"/>
                        <a href="#" panel-name="suite-Default_suite" title="com.poc.tests.Test1" class="method navigator-link" hash-for-method="Remove_Product_From_Cart_Validation">Remove_Product_From_Cart_Validation</a> <!-- method navigator-link -->
                      </span>
                      <br/>
                      <span>
                        <img src="passed.png" width="3%"/>
                        <a href="#" panel-name="suite-Default_suite" title="com.poc.tests.Test1" class="method navigator-link" hash-for-method="Scroll_Up_Without_Using_Arrow_And_Scroll_down_Validation">Scroll_Up_Without_Using_Arrow_And_Scroll_down_Validation</a> <!-- method navigator-link -->
                      </span>
                      <br/>
                      <span>
                        <img src="passed.png" width="3%"/>
                        <a href="#" panel-name="suite-Default_suite" title="com.poc.tests.Test1" class="method navigator-link" hash-for-method="Scroll_Up_using_Arrow_And_Scroll_down_Validation">Scroll_Up_using_Arrow_And_Scroll_down_Validation</a> <!-- method navigator-link -->
                      </span>
                      <br/>
                      <span>
                        <img src="passed.png" width="3%"/>
                        <a href="#" panel-name="suite-Default_suite" title="com.poc.tests.Test1" class="method navigator-link" hash-for-method="Search_Products_Validation">Search_Products_Validation</a> <!-- method navigator-link -->
                      </span>
                      <br/>
                      <span>
                        <img src="passed.png" width="3%"/>
                        <a href="#" panel-name="suite-Default_suite" title="com.poc.tests.Test1" class="method navigator-link" hash-for-method="Subscription_Validation">Subscription_Validation</a> <!-- method navigator-link -->
                      </span>
                      <br/>
                      <span>
                        <img src="passed.png" width="3%"/>
                        <a href="#" panel-name="suite-Default_suite" title="com.poc.tests.Test1" class="method navigator-link" hash-for-method="Testcases_Page_Validation">Testcases_Page_Validation</a> <!-- method navigator-link -->
                      </span>
                      <br/>
                      <span>
                        <img src="passed.png" width="3%"/>
                        <a href="#" panel-name="suite-Default_suite" title="com.poc.tests.Test1" class="method navigator-link" hash-for-method="View_Brand_Products_Validation">View_Brand_Products_Validation</a> <!-- method navigator-link -->
                      </span>
                      <br/>
                      <span>
                        <img src="passed.png" width="3%"/>
                        <a href="#" panel-name="suite-Default_suite" title="com.poc.tests.Test1" class="method navigator-link" hash-for-method="View_Category_Products_Validation">View_Category_Products_Validation</a> <!-- method navigator-link -->
                      </span>
                      <br/>
                      <span>
                        <img src="passed.png" width="3%"/>
                        <a href="#" panel-name="suite-Default_suite" title="com.poc.tests.Test1" class="method navigator-link" hash-for-method="scubscription_In_Cart_Page_Validation">scubscription_In_Cart_Page_Validation</a> <!-- method navigator-link -->
                      </span>
                      <br/>
                    </div> <!-- method-list-content passed suite-Default_suite -->
                  </li>
                </ul>
              </div> <!-- suite-section-content -->
            </div> <!-- result-section -->
          </div> <!-- navigator-suite-content -->
        </div> <!-- rounded-window -->
      </div> <!-- suite -->
    </div> <!-- navigator-root -->
    <div class="wrapper">
      <div class="main-panel-root">
        <div panel-name="suite-Default_suite" class="panel Default_suite">
          <div class="suite-Default_suite-class-failed">
            <div class="main-panel-header rounded-window-top">
              <img src="failed.png"/>
              <span class="class-name">com.poc.tests.Test1</span>
            </div> <!-- main-panel-header rounded-window-top -->
            <div class="main-panel-content rounded-window-bottom">
              <div class="method">
                <div class="method-content">
                  <a name="Add_Recommended_Products_Validation(Wnter Top)">
                  </a> <!-- Add_Recommended_Products_Validation(Wnter Top) -->
                  <span class="method-name">Add_Recommended_Products_Validation</span>
                  <span class="parameters">(Wnter Top)</span>
                  <div class="stack-trace">java.lang.AssertionError: Recommended product Wnter Top not found
	at org.testng.Assert.fail(Assert.java:111)
	at com.poc.pages.Poc_Home_page.selectRecommendedProductandAddtoCart(Poc_Home_page.java:216)
	at com.poc.tests.Test1.Add_Recommended_Products_Validation(Test1.java:367)
	at java.base/jdk.internal.reflect.DirectMethodHandleAccessor.invoke(DirectMethodHandleAccessor.java:103)
	at java.base/java.lang.reflect.Method.invoke(Method.java:580)
	at org.testng.internal.invokers.MethodInvocationHelper.invokeMethod(MethodInvocationHelper.java:141)
	at org.testng.internal.invokers.TestInvoker.invokeMethod(TestInvoker.java:687)
	at org.testng.internal.invokers.TestInvoker.invokeTestMethod(TestInvoker.java:230)
	at org.testng.internal.invokers.MethodRunner.runInSequence(MethodRunner.java:63)
	at org.testng.internal.invokers.TestInvoker$MethodInvocationAgent.invoke(TestInvoker.java:995)
	at org.testng.internal.invokers.TestInvoker.invokeTestMethods(TestInvoker.java:203)
	at org.testng.internal.invokers.TestMethodWorker.invokeTestMethods(TestMethodWorker.java:154)
	at org.testng.internal.invokers.TestMethodWorker.run(TestMethodWorker.java:134)
	at java.base/java.util.ArrayList.forEach(ArrayList.java:1596)
	at org.testng.TestRunner.privateRun(TestRunner.java:741)
	at org.testng.TestRunner.run(TestRunner.java:616)
	at org.testng.SuiteRunner.runTest(SuiteRunner.java:421)
	at org.testng.SuiteRunner.runSequentially(SuiteRunner.java:413)
	at org.testng.SuiteRunner.privateRun(SuiteRunner.java:373)
	at org.testng.SuiteRunner.run(SuiteRunner.java:312)
	at org.testng.SuiteRunnerWorker.runSuite(SuiteRunnerWorker.java:52)
	at org.testng.SuiteRunnerWorker.run(SuiteRunnerWorker.java:95)
	at org.testng.TestNG.runSuitesSequentially(TestNG.java:1274)
	at org.testng.TestNG.runSuitesLocally(TestNG.java:1208)
	at org.testng.TestNG.runSuites(TestNG.java:1112)
	at org.testng.TestNG.run(TestNG.java:1079)
	at org.testng.remote.AbstractRemoteTestNG.run(AbstractRemoteTestNG.java:115)
	at org.testng.remote.RemoteTestNG.initAndRun(RemoteTestNG.java:293)
	at org.testng.remote.RemoteTestNG.main(RemoteTestNG.java:91)

</div> <!-- stack-trace -->
                </div> <!-- method-content -->
              </div> <!-- method -->
              <div class="method">
                <div class="method-content">
                  <a name="Login_Validation">
                  </a> <!-- Login_Validation -->
                  <span class="method-name">Login_Validation</span>
                  <div class="stack-trace">java.lang.AssertionError: User login failed expected [true] but found [false]
	at org.testng.Assert.fail(Assert.java:111)
	at org.testng.Assert.failNotEquals(Assert.java:1590)
	at org.testng.Assert.assertTrue(Assert.java:57)
	at com.poc.tests.Test1.Login_Validation(Test1.java:88)
	at java.base/jdk.internal.reflect.DirectMethodHandleAccessor.invoke(DirectMethodHandleAccessor.java:103)
	at java.base/java.lang.reflect.Method.invoke(Method.java:580)
	at org.testng.internal.invokers.MethodInvocationHelper.invokeMethod(MethodInvocationHelper.java:141)
	at org.testng.internal.invokers.TestInvoker.invokeMethod(TestInvoker.java:687)
	at org.testng.internal.invokers.TestInvoker.invokeTestMethod(TestInvoker.java:230)
	at org.testng.internal.invokers.MethodRunner.runInSequence(MethodRunner.java:63)
	at org.testng.internal.invokers.TestInvoker$MethodInvocationAgent.invoke(TestInvoker.java:995)
	at org.testng.internal.invokers.TestInvoker.invokeTestMethods(TestInvoker.java:203)
	at org.testng.internal.invokers.TestMethodWorker.invokeTestMethods(TestMethodWorker.java:154)
	at org.testng.internal.invokers.TestMethodWorker.run(TestMethodWorker.java:134)
	at java.base/java.util.ArrayList.forEach(ArrayList.java:1596)
	at org.testng.TestRunner.privateRun(TestRunner.java:741)
	at org.testng.TestRunner.run(TestRunner.java:616)
	at org.testng.SuiteRunner.runTest(SuiteRunner.java:421)
	at org.testng.SuiteRunner.runSequentially(SuiteRunner.java:413)
	at org.testng.SuiteRunner.privateRun(SuiteRunner.java:373)
	at org.testng.SuiteRunner.run(SuiteRunner.java:312)
	at org.testng.SuiteRunnerWorker.runSuite(SuiteRunnerWorker.java:52)
	at org.testng.SuiteRunnerWorker.run(SuiteRunnerWorker.java:95)
	at org.testng.TestNG.runSuitesSequentially(TestNG.java:1274)
	at org.testng.TestNG.runSuitesLocally(TestNG.java:1208)
	at org.testng.TestNG.runSuites(TestNG.java:1112)
	at org.testng.TestNG.run(TestNG.java:1079)
	at org.testng.remote.AbstractRemoteTestNG.run(AbstractRemoteTestNG.java:115)
	at org.testng.remote.RemoteTestNG.initAndRun(RemoteTestNG.java:293)
	at org.testng.remote.RemoteTestNG.main(RemoteTestNG.java:91)

</div> <!-- stack-trace -->
                </div> <!-- method-content -->
              </div> <!-- method -->
            </div> <!-- main-panel-content rounded-window-bottom -->
          </div> <!-- suite-Default_suite-class-failed -->
          <div class="suite-Default_suite-class-passed">
            <div class="main-panel-header rounded-window-top">
              <img src="passed.png"/>
              <span class="class-name">com.poc.tests.Test1</span>
            </div> <!-- main-panel-header rounded-window-top -->
            <div class="main-panel-content rounded-window-bottom">
              <div class="method">
                <div class="method-content">
                  <a name="Add_Products_To_Cart_Validation">
                  </a> <!-- Add_Products_To_Cart_Validation -->
                  <span class="method-name">Add_Products_To_Cart_Validation</span>
                </div> <!-- method-content -->
              </div> <!-- method -->
              <div class="method">
                <div class="method-content">
                  <a name="Add_Recommended_Products_Validation(Summer White Top)">
                  </a> <!-- Add_Recommended_Products_Validation(Summer White Top) -->
                  <span class="method-name">Add_Recommended_Products_Validation</span>
                  <span class="parameters">(Summer White Top)</span>
                </div> <!-- method-content -->
              </div> <!-- method -->
              <div class="method">
                <div class="method-content">
                  <a name="Add_Recommended_Products_Validation(Stylish Dress)">
                  </a> <!-- Add_Recommended_Products_Validation(Stylish Dress) -->
                  <span class="method-name">Add_Recommended_Products_Validation</span>
                  <span class="parameters">(Stylish Dress)</span>
                </div> <!-- method-content -->
              </div> <!-- method -->
              <div class="method">
                <div class="method-content">
                  <a name="Add_Review_On_Product_Validation">
                  </a> <!-- Add_Review_On_Product_Validation -->
                  <span class="method-name">Add_Review_On_Product_Validation</span>
                </div> <!-- method-content -->
              </div> <!-- method -->
              <div class="method">
                <div class="method-content">
                  <a name="Contact_Us_Form_Validation">
                  </a> <!-- Contact_Us_Form_Validation -->
                  <span class="method-name">Contact_Us_Form_Validation</span>
                </div> <!-- method-content -->
              </div> <!-- method -->
              <div class="method">
                <div class="method-content">
                  <a name="Invalid_Login_Validation">
                  </a> <!-- Invalid_Login_Validation -->
                  <span class="method-name">Invalid_Login_Validation</span>
                </div> <!-- method-content -->
              </div> <!-- method -->
              <div class="method">
                <div class="method-content">
                  <a name="Logout_Validation">
                  </a> <!-- Logout_Validation -->
                  <span class="method-name">Logout_Validation</span>
                </div> <!-- method-content -->
              </div> <!-- method -->
              <div class="method">
                <div class="method-content">
                  <a name="Product_Quantity_In_Cart_Validation">
                  </a> <!-- Product_Quantity_In_Cart_Validation -->
                  <span class="method-name">Product_Quantity_In_Cart_Validation</span>
                </div> <!-- method-content -->
              </div> <!-- method -->
              <div class="method">
                <div class="method-content">
                  <a name="Register_User_Validation">
                  </a> <!-- Register_User_Validation -->
                  <span class="method-name">Register_User_Validation</span>
                </div> <!-- method-content -->
              </div> <!-- method -->
              <div class="method">
                <div class="method-content">
                  <a name="Register_User_With_Existing_Email_Validation">
                  </a> <!-- Register_User_With_Existing_Email_Validation -->
                  <span class="method-name">Register_User_With_Existing_Email_Validation</span>
                </div> <!-- method-content -->
              </div> <!-- method -->
              <div class="method">
                <div class="method-content">
                  <a name="Remove_Product_From_Cart_Validation">
                  </a> <!-- Remove_Product_From_Cart_Validation -->
                  <span class="method-name">Remove_Product_From_Cart_Validation</span>
                </div> <!-- method-content -->
              </div> <!-- method -->
              <div class="method">
                <div class="method-content">
                  <a name="Scroll_Up_Without_Using_Arrow_And_Scroll_down_Validation">
                  </a> <!-- Scroll_Up_Without_Using_Arrow_And_Scroll_down_Validation -->
                  <span class="method-name">Scroll_Up_Without_Using_Arrow_And_Scroll_down_Validation</span>
                </div> <!-- method-content -->
              </div> <!-- method -->
              <div class="method">
                <div class="method-content">
                  <a name="Scroll_Up_using_Arrow_And_Scroll_down_Validation">
                  </a> <!-- Scroll_Up_using_Arrow_And_Scroll_down_Validation -->
                  <span class="method-name">Scroll_Up_using_Arrow_And_Scroll_down_Validation</span>
                </div> <!-- method-content -->
              </div> <!-- method -->
              <div class="method">
                <div class="method-content">
                  <a name="Search_Products_Validation">
                  </a> <!-- Search_Products_Validation -->
                  <span class="method-name">Search_Products_Validation</span>
                </div> <!-- method-content -->
              </div> <!-- method -->
              <div class="method">
                <div class="method-content">
                  <a name="Subscription_Validation">
                  </a> <!-- Subscription_Validation -->
                  <span class="method-name">Subscription_Validation</span>
                </div> <!-- method-content -->
              </div> <!-- method -->
              <div class="method">
                <div class="method-content">
                  <a name="Testcases_Page_Validation">
                  </a> <!-- Testcases_Page_Validation -->
                  <span class="method-name">Testcases_Page_Validation</span>
                </div> <!-- method-content -->
              </div> <!-- method -->
              <div class="method">
                <div class="method-content">
                  <a name="View_Brand_Products_Validation">
                  </a> <!-- View_Brand_Products_Validation -->
                  <span class="method-name">View_Brand_Products_Validation</span>
                </div> <!-- method-content -->
              </div> <!-- method -->
              <div class="method">
                <div class="method-content">
                  <a name="View_Category_Products_Validation">
                  </a> <!-- View_Category_Products_Validation -->
                  <span class="method-name">View_Category_Products_Validation</span>
                </div> <!-- method-content -->
              </div> <!-- method -->
              <div class="method">
                <div class="method-content">
                  <a name="scubscription_In_Cart_Page_Validation">
                  </a> <!-- scubscription_In_Cart_Page_Validation -->
                  <span class="method-name">scubscription_In_Cart_Page_Validation</span>
                </div> <!-- method-content -->
              </div> <!-- method -->
            </div> <!-- main-panel-content rounded-window-bottom -->
          </div> <!-- suite-Default_suite-class-passed -->
        </div> <!-- panel Default_suite -->
        <div panel-name="test-xml-Default_suite" class="panel">
          <div class="main-panel-header rounded-window-top">
            <span class="header-content">C:\Users\sreehari\AppData\Local\Temp\testng-eclipse-925387754\testng-customsuite.xml</span>
          </div> <!-- main-panel-header rounded-window-top -->
          <div class="main-panel-content rounded-window-bottom">
            <pre>
&lt;?xml version=&quot;1.0&quot; encoding=&quot;UTF-8&quot;?&gt;
&lt;!DOCTYPE suite SYSTEM &quot;https://testng.org/testng-1.0.dtd&quot;&gt;
&lt;suite name=&quot;Default suite&quot; guice-stage=&quot;DEVELOPMENT&quot;&gt;
  &lt;test thread-count=&quot;5&quot; name=&quot;Default test&quot; verbose=&quot;2&quot;&gt;
    &lt;classes&gt;
      &lt;class name=&quot;com.poc.tests.Test1&quot;/&gt;
    &lt;/classes&gt;
  &lt;/test&gt; &lt;!-- Default test --&gt;
&lt;/suite&gt; &lt;!-- Default suite --&gt;
            </pre>
          </div> <!-- main-panel-content rounded-window-bottom -->
        </div> <!-- panel -->
        <div panel-name="testlist-Default_suite" class="panel">
          <div class="main-panel-header rounded-window-top">
            <span class="header-content">Tests for Default suite</span>
          </div> <!-- main-panel-header rounded-window-top -->
          <div class="main-panel-content rounded-window-bottom">
            <ul>
              <li>
                <span class="test-name">Default test (1 class)</span>
              </li>
            </ul>
          </div> <!-- main-panel-content rounded-window-bottom -->
        </div> <!-- panel -->
        <div panel-name="group-Default_suite" class="panel">
          <div class="main-panel-header rounded-window-top">
            <span class="header-content">Groups for Default suite</span>
          </div> <!-- main-panel-header rounded-window-top -->
          <div class="main-panel-content rounded-window-bottom">
          </div> <!-- main-panel-content rounded-window-bottom -->
        </div> <!-- panel -->
        <div panel-name="times-Default_suite" class="panel">
          <div class="main-panel-header rounded-window-top">
            <span class="header-content">Times for Default suite</span>
          </div> <!-- main-panel-header rounded-window-top -->
          <div class="main-panel-content rounded-window-bottom">
            <div class="times-div">
              <script type="text/javascript">
suiteTableInitFunctions.push('tableData_Default_suite');
function tableData_Default_suite() {
var data = new google.visualization.DataTable();
data.addColumn('number', 'Number');
data.addColumn('string', 'Method');
data.addColumn('string', 'Class');
data.addColumn('number', 'Time (ms)');
data.addRows(21);
data.setCell(0, 0, 0)
data.setCell(0, 1, 'View_Category_Products_Validation')
data.setCell(0, 2, 'com.poc.tests.Test1')
data.setCell(0, 3, 8205);
data.setCell(1, 0, 1)
data.setCell(1, 1, 'Add_Products_To_Cart_Validation')
data.setCell(1, 2, 'com.poc.tests.Test1')
data.setCell(1, 3, 7050);
data.setCell(2, 0, 2)
data.setCell(2, 1, 'Register_User_Validation')
data.setCell(2, 2, 'com.poc.tests.Test1')
data.setCell(2, 3, 5668);
data.setCell(3, 0, 3)
data.setCell(3, 1, 'Logout_Validation')
data.setCell(3, 2, 'com.poc.tests.Test1')
data.setCell(3, 3, 4143);
data.setCell(4, 0, 4)
data.setCell(4, 1, 'View_Brand_Products_Validation')
data.setCell(4, 2, 'com.poc.tests.Test1')
data.setCell(4, 3, 3944);
data.setCell(5, 0, 5)
data.setCell(5, 1, 'Search_Products_Validation')
data.setCell(5, 2, 'com.poc.tests.Test1')
data.setCell(5, 3, 3904);
data.setCell(6, 0, 6)
data.setCell(6, 1, 'Add_Review_On_Product_Validation')
data.setCell(6, 2, 'com.poc.tests.Test1')
data.setCell(6, 3, 3129);
data.setCell(7, 0, 7)
data.setCell(7, 1, 'Product_Quantity_In_Cart_Validation')
data.setCell(7, 2, 'com.poc.tests.Test1')
data.setCell(7, 3, 2448);
data.setCell(8, 0, 8)
data.setCell(8, 1, 'Contact_Us_Form_Validation')
data.setCell(8, 2, 'com.poc.tests.Test1')
data.setCell(8, 3, 2353);
data.setCell(9, 0, 9)
data.setCell(9, 1, 'Remove_Product_From_Cart_Validation')
data.setCell(9, 2, 'com.poc.tests.Test1')
data.setCell(9, 3, 2190);
data.setCell(10, 0, 10)
data.setCell(10, 1, 'Add_Recommended_Products_Validation')
data.setCell(10, 2, 'com.poc.tests.Test1')
data.setCell(10, 3, 2106);
data.setCell(11, 0, 11)
data.setCell(11, 1, 'Add_Recommended_Products_Validation')
data.setCell(11, 2, 'com.poc.tests.Test1')
data.setCell(11, 3, 1748);
data.setCell(12, 0, 12)
data.setCell(12, 1, 'Register_User_With_Existing_Email_Validation')
data.setCell(12, 2, 'com.poc.tests.Test1')
data.setCell(12, 3, 1327);
data.setCell(13, 0, 13)
data.setCell(13, 1, 'Login_Validation')
data.setCell(13, 2, 'com.poc.tests.Test1')
data.setCell(13, 3, 1319);
data.setCell(14, 0, 14)
data.setCell(14, 1, 'Invalid_Login_Validation')
data.setCell(14, 2, 'com.poc.tests.Test1')
data.setCell(14, 3, 1276);
data.setCell(15, 0, 15)
data.setCell(15, 1, 'scubscription_In_Cart_Page_Validation')
data.setCell(15, 2, 'com.poc.tests.Test1')
data.setCell(15, 3, 1203);
data.setCell(16, 0, 16)
data.setCell(16, 1, 'Testcases_Page_Validation')
data.setCell(16, 2, 'com.poc.tests.Test1')
data.setCell(16, 3, 610);
data.setCell(17, 0, 17)
data.setCell(17, 1, 'Subscription_Validation')
data.setCell(17, 2, 'com.poc.tests.Test1')
data.setCell(17, 3, 169);
data.setCell(18, 0, 18)
data.setCell(18, 1, 'Scroll_Up_using_Arrow_And_Scroll_down_Validation')
data.setCell(18, 2, 'com.poc.tests.Test1')
data.setCell(18, 3, 106);
data.setCell(19, 0, 19)
data.setCell(19, 1, 'Scroll_Up_Without_Using_Arrow_And_Scroll_down_Validation')
data.setCell(19, 2, 'com.poc.tests.Test1')
data.setCell(19, 3, 76);
data.setCell(20, 0, 20)
data.setCell(20, 1, 'Add_Recommended_Products_Validation')
data.setCell(20, 2, 'com.poc.tests.Test1')
data.setCell(20, 3, 57);
window.suiteTableData['Default_suite']= { tableData: data, tableDiv: 'times-div-Default_suite'}
return data;
}
              </script>
              <span class="suite-total-time">Total running time: 53 seconds</span>
              <div id="times-div-Default_suite">
              </div> <!-- times-div-Default_suite -->
            </div> <!-- times-div -->
          </div> <!-- main-panel-content rounded-window-bottom -->
        </div> <!-- panel -->
        <div panel-name="reporter-Default_suite" class="panel">
          <div class="main-panel-header rounded-window-top">
            <span class="header-content">Reporter output for Default suite</span>
          </div> <!-- main-panel-header rounded-window-top -->
          <div class="main-panel-content rounded-window-bottom">
          </div> <!-- main-panel-content rounded-window-bottom -->
        </div> <!-- panel -->
        <div panel-name="ignored-methods-Default_suite" class="panel">
          <div class="main-panel-header rounded-window-top">
            <span class="header-content">0 ignored methods</span>
          </div> <!-- main-panel-header rounded-window-top -->
          <div class="main-panel-content rounded-window-bottom">
          </div> <!-- main-panel-content rounded-window-bottom -->
        </div> <!-- panel -->
        <div panel-name="chronological-Default_suite" class="panel">
          <div class="main-panel-header rounded-window-top">
            <span class="header-content">Methods in chronological order</span>
          </div> <!-- main-panel-header rounded-window-top -->
          <div class="main-panel-content rounded-window-bottom">
            <div class="chronological-class">
              <div class="chronological-class-name">com.poc.tests.Test1</div> <!-- chronological-class-name -->
              <div class="configuration-test before">
                <span class="method-name">beforeTest</span>
                <span class="method-start">0 ms</span>
              </div> <!-- configuration-test before -->
              <div class="configuration-method before">
                <span class="method-name">setUp(chrome, http://automationexercise.com, [TestResult name={null} status=CREATED method=Test1.Add_Produ...)</span>
                <span class="method-start">41 ms</span>
              </div> <!-- configuration-method before -->
              <div class="test-method">
                <span class="method-name">Add_Products_To_Cart_Validation</span>
                <span class="method-start">4104 ms</span>
              </div> <!-- test-method -->
              <div class="configuration-method after">
                <span class="method-name">screenShotIfFail([TestResult name=Add_Products_To_Cart_Validation status=SUCCESS method=Test1.Add_Products_To_Cart_Va...)</span>
                <span class="method-start">11162 ms</span>
              </div> <!-- configuration-method after -->
              <div class="configuration-method before">
                <span class="method-name">setUp(chrome, http://automationexercise.com, [TestResult name={null} status=CREATED method=Test1.Add_Recom...)</span>
                <span class="method-start">11297 ms</span>
              </div> <!-- configuration-method before -->
              <div class="test-method">
                <img src="failed.png">
                </img>
                <span class="method-name">Add_Recommended_Products_Validation(Wnter Top)</span>
                <span class="method-start">13468 ms</span>
              </div> <!-- test-method -->
              <div class="configuration-method after">
                <span class="method-name">screenShotIfFail([TestResult name=Add_Recommended_Products_Validation status=FAILURE method=Test1.Add_Recommended_Pro...)</span>
                <span class="method-start">13531 ms</span>
              </div> <!-- configuration-method after -->
              <div class="configuration-method before">
                <span class="method-name">setUp(chrome, http://automationexercise.com, [TestResult name={null} status=CREATED method=Test1.Add_Recom...)</span>
                <span class="method-start">13881 ms</span>
              </div> <!-- configuration-method before -->
              <div class="test-method">
                <span class="method-name">Add_Recommended_Products_Validation(Stylish Dress)</span>
                <span class="method-start">16404 ms</span>
              </div> <!-- test-method -->
              <div class="configuration-method after">
                <span class="method-name">screenShotIfFail([TestResult name=Add_Recommended_Products_Validation status=SUCCESS method=Test1.Add_Recommended_Pro...)</span>
                <span class="method-start">18513 ms</span>
              </div> <!-- configuration-method after -->
              <div class="configuration-method before">
                <span class="method-name">setUp(chrome, http://automationexercise.com, [TestResult name={null} status=CREATED method=Test1.Add_Recom...)</span>
                <span class="method-start">18628 ms</span>
              </div> <!-- configuration-method before -->
              <div class="test-method">
                <span class="method-name">Add_Recommended_Products_Validation(Summer White Top)</span>
                <span class="method-start">21508 ms</span>
              </div> <!-- test-method -->
              <div class="configuration-method after">
                <span class="method-name">screenShotIfFail([TestResult name=Add_Recommended_Products_Validation status=SUCCESS method=Test1.Add_Recommended_Pro...)</span>
                <span class="method-start">23259 ms</span>
              </div> <!-- configuration-method after -->
              <div class="configuration-method before">
                <span class="method-name">setUp(chrome, http://automationexercise.com, [TestResult name={null} status=CREATED method=Test1.Add_Revie...)</span>
                <span class="method-start">23363 ms</span>
              </div> <!-- configuration-method before -->
              <div class="test-method">
                <span class="method-name">Add_Review_On_Product_Validation</span>
                <span class="method-start">26666 ms</span>
              </div> <!-- test-method -->
              <div class="configuration-method after">
                <span class="method-name">screenShotIfFail([TestResult name=Add_Review_On_Product_Validation status=SUCCESS method=Test1.Add_Review_On_Product_...)</span>
                <span class="method-start">29797 ms</span>
              </div> <!-- configuration-method after -->
              <div class="configuration-method before">
                <span class="method-name">setUp(chrome, http://automationexercise.com, [TestResult name={null} status=CREATED method=Test1.Contact_U...)</span>
                <span class="method-start">29905 ms</span>
              </div> <!-- configuration-method before -->
              <div class="test-method">
                <span class="method-name">Contact_Us_Form_Validation</span>
                <span class="method-start">32887 ms</span>
              </div> <!-- test-method -->
              <div class="configuration-method after">
                <span class="method-name">screenShotIfFail([TestResult name=Contact_Us_Form_Validation status=SUCCESS method=Test1.Contact_Us_Form_Validation()...)</span>
                <span class="method-start">35242 ms</span>
              </div> <!-- configuration-method after -->
              <div class="configuration-method before">
                <span class="method-name">setUp(chrome, http://automationexercise.com, [TestResult name={null} status=CREATED method=Test1.Invalid_L...)</span>
                <span class="method-start">35328 ms</span>
              </div> <!-- configuration-method before -->
              <div class="test-method">
                <span class="method-name">Invalid_Login_Validation</span>
                <span class="method-start">38187 ms</span>
              </div> <!-- test-method -->
              <div class="configuration-method after">
                <span class="method-name">screenShotIfFail([TestResult name=Invalid_Login_Validation status=SUCCESS method=Test1.Invalid_Login_Validation()[pri...)</span>
                <span class="method-start">39465 ms</span>
              </div> <!-- configuration-method after -->
              <div class="configuration-method before">
                <span class="method-name">setUp(chrome, http://automationexercise.com, [TestResult name={null} status=CREATED method=Test1.Login_Val...)</span>
                <span class="method-start">39580 ms</span>
              </div> <!-- configuration-method before -->
              <div class="test-method">
                <img src="failed.png">
                </img>
                <span class="method-name">Login_Validation</span>
                <span class="method-start">42511 ms</span>
              </div> <!-- test-method -->
              <div class="configuration-method after">
                <span class="method-name">screenShotIfFail([TestResult name=Login_Validation status=FAILURE method=Test1.Login_Validation()[pri:0, instance:com...)</span>
                <span class="method-start">43832 ms</span>
              </div> <!-- configuration-method after -->
              <div class="configuration-method before">
                <span class="method-name">setUp(chrome, http://automationexercise.com, [TestResult name={null} status=CREATED method=Test1.Logout_Va...)</span>
                <span class="method-start">44111 ms</span>
              </div> <!-- configuration-method before -->
              <div class="test-method">
                <span class="method-name">Logout_Validation</span>
                <span class="method-start">48198 ms</span>
              </div> <!-- test-method -->
              <div class="configuration-method after">
                <span class="method-name">screenShotIfFail([TestResult name=Logout_Validation status=SUCCESS method=Test1.Logout_Validation()[pri:0, instance:c...)</span>
                <span class="method-start">52343 ms</span>
              </div> <!-- configuration-method after -->
              <div class="configuration-method before">
                <span class="method-name">setUp(chrome, http://automationexercise.com, [TestResult name={null} status=CREATED method=Test1.Product_Q...)</span>
                <span class="method-start">52450 ms</span>
              </div> <!-- configuration-method before -->
              <div class="test-method">
                <span class="method-name">Product_Quantity_In_Cart_Validation</span>
                <span class="method-start">55309 ms</span>
              </div> <!-- test-method -->
              <div class="configuration-method after">
                <span class="method-name">screenShotIfFail([TestResult name=Product_Quantity_In_Cart_Validation status=SUCCESS method=Test1.Product_Quantity_In...)</span>
                <span class="method-start">57759 ms</span>
              </div> <!-- configuration-method after -->
              <div class="configuration-method before">
                <span class="method-name">setUp(chrome, http://automationexercise.com, [TestResult name={null} status=CREATED method=Test1.Register_...)</span>
                <span class="method-start">57856 ms</span>
              </div> <!-- configuration-method before -->
              <div class="test-method">
                <span class="method-name">Register_User_Validation</span>
                <span class="method-start">60386 ms</span>
              </div> <!-- test-method -->
              <div class="configuration-method after">
                <span class="method-name">screenShotIfFail([TestResult name=Register_User_Validation status=SUCCESS method=Test1.Register_User_Validation()[pri...)</span>
                <span class="method-start">66056 ms</span>
              </div> <!-- configuration-method after -->
              <div class="configuration-method before">
                <span class="method-name">setUp(chrome, http://automationexercise.com, [TestResult name={null} status=CREATED method=Test1.Register_...)</span>
                <span class="method-start">66151 ms</span>
              </div> <!-- configuration-method before -->
              <div class="test-method">
                <span class="method-name">Register_User_With_Existing_Email_Validation</span>
                <span class="method-start">68312 ms</span>
              </div> <!-- test-method -->
              <div class="configuration-method after">
                <span class="method-name">screenShotIfFail([TestResult name=Register_User_With_Existing_Email_Validation status=SUCCESS method=Test1.Register_U...)</span>
                <span class="method-start">69641 ms</span>
              </div> <!-- configuration-method after -->
              <div class="configuration-method before">
                <span class="method-name">setUp(chrome, http://automationexercise.com, [TestResult name={null} status=CREATED method=Test1.Remove_Pr...)</span>
                <span class="method-start">69752 ms</span>
              </div> <!-- configuration-method before -->
              <div class="test-method">
                <span class="method-name">Remove_Product_From_Cart_Validation</span>
                <span class="method-start">73029 ms</span>
              </div> <!-- test-method -->
              <div class="configuration-method after">
                <span class="method-name">screenShotIfFail([TestResult name=Remove_Product_From_Cart_Validation status=SUCCESS method=Test1.Remove_Product_From...)</span>
                <span class="method-start">75221 ms</span>
              </div> <!-- configuration-method after -->
              <div class="configuration-method before">
                <span class="method-name">setUp(chrome, http://automationexercise.com, [TestResult name={null} status=CREATED method=Test1.Scroll_Up...)</span>
                <span class="method-start">75346 ms</span>
              </div> <!-- configuration-method before -->
              <div class="test-method">
                <span class="method-name">Scroll_Up_Without_Using_Arrow_And_Scroll_down_Validation</span>
                <span class="method-start">77945 ms</span>
              </div> <!-- test-method -->
              <div class="configuration-method after">
                <span class="method-name">screenShotIfFail([TestResult name=Scroll_Up_Without_Using_Arrow_And_Scroll_down_Validation status=SUCCESS method=Test...)</span>
                <span class="method-start">78023 ms</span>
              </div> <!-- configuration-method after -->
              <div class="configuration-method before">
                <span class="method-name">setUp(chrome, http://automationexercise.com, [TestResult name={null} status=CREATED method=Test1.Scroll_Up...)</span>
                <span class="method-start">78126 ms</span>
              </div> <!-- configuration-method before -->
              <div class="test-method">
                <span class="method-name">Scroll_Up_using_Arrow_And_Scroll_down_Validation</span>
                <span class="method-start">81113 ms</span>
              </div> <!-- test-method -->
              <div class="configuration-method after">
                <span class="method-name">screenShotIfFail([TestResult name=Scroll_Up_using_Arrow_And_Scroll_down_Validation status=SUCCESS method=Test1.Scroll...)</span>
                <span class="method-start">81220 ms</span>
              </div> <!-- configuration-method after -->
              <div class="configuration-method before">
                <span class="method-name">setUp(chrome, http://automationexercise.com, [TestResult name={null} status=CREATED method=Test1.Search_Pr...)</span>
                <span class="method-start">81323 ms</span>
              </div> <!-- configuration-method before -->
              <div class="test-method">
                <span class="method-name">Search_Products_Validation</span>
                <span class="method-start">84664 ms</span>
              </div> <!-- test-method -->
              <div class="configuration-method after">
                <span class="method-name">screenShotIfFail([TestResult name=Search_Products_Validation status=SUCCESS method=Test1.Search_Products_Validation()...)</span>
                <span class="method-start">88570 ms</span>
              </div> <!-- configuration-method after -->
              <div class="configuration-method before">
                <span class="method-name">setUp(chrome, http://automationexercise.com, [TestResult name={null} status=CREATED method=Test1.Subscript...)</span>
                <span class="method-start">88682 ms</span>
              </div> <!-- configuration-method before -->
              <div class="test-method">
                <span class="method-name">Subscription_Validation</span>
                <span class="method-start">91652 ms</span>
              </div> <!-- test-method -->
              <div class="configuration-method after">
                <span class="method-name">screenShotIfFail([TestResult name=Subscription_Validation status=SUCCESS method=Test1.Subscription_Validation()[pri:0...)</span>
                <span class="method-start">91822 ms</span>
              </div> <!-- configuration-method after -->
              <div class="configuration-method before">
                <span class="method-name">setUp(chrome, http://automationexercise.com, [TestResult name={null} status=CREATED method=Test1.Testcases...)</span>
                <span class="method-start">91921 ms</span>
              </div> <!-- configuration-method before -->
              <div class="test-method">
                <span class="method-name">Testcases_Page_Validation</span>
                <span class="method-start">95348 ms</span>
              </div> <!-- test-method -->
              <div class="configuration-method after">
                <span class="method-name">screenShotIfFail([TestResult name=Testcases_Page_Validation status=SUCCESS method=Test1.Testcases_Page_Validation()[p...)</span>
                <span class="method-start">95960 ms</span>
              </div> <!-- configuration-method after -->
              <div class="configuration-method before">
                <span class="method-name">setUp(chrome, http://automationexercise.com, [TestResult name={null} status=CREATED method=Test1.View_Bran...)</span>
                <span class="method-start">96061 ms</span>
              </div> <!-- configuration-method before -->
              <div class="test-method">
                <span class="method-name">View_Brand_Products_Validation</span>
                <span class="method-start">98474 ms</span>
              </div> <!-- test-method -->
              <div class="configuration-method after">
                <span class="method-name">screenShotIfFail([TestResult name=View_Brand_Products_Validation status=SUCCESS method=Test1.View_Brand_Products_Vali...)</span>
                <span class="method-start">102420 ms</span>
              </div> <!-- configuration-method after -->
              <div class="configuration-method before">
                <span class="method-name">setUp(chrome, http://automationexercise.com, [TestResult name={null} status=CREATED method=Test1.View_Cate...)</span>
                <span class="method-start">102536 ms</span>
              </div> <!-- configuration-method before -->
              <div class="test-method">
                <span class="method-name">View_Category_Products_Validation</span>
                <span class="method-start">104979 ms</span>
              </div> <!-- test-method -->
              <div class="configuration-method after">
                <span class="method-name">screenShotIfFail([TestResult name=View_Category_Products_Validation status=SUCCESS method=Test1.View_Category_Product...)</span>
                <span class="method-start">113186 ms</span>
              </div> <!-- configuration-method after -->
              <div class="configuration-method before">
                <span class="method-name">setUp(chrome, http://automationexercise.com, [TestResult name={null} status=CREATED method=Test1.scubscrip...)</span>
                <span class="method-start">113332 ms</span>
              </div> <!-- configuration-method before -->
              <div class="test-method">
                <span class="method-name">scubscription_In_Cart_Page_Validation</span>
                <span class="method-start">115871 ms</span>
              </div> <!-- test-method -->
              <div class="configuration-method after">
                <span class="method-name">screenShotIfFail([TestResult name=scubscription_In_Cart_Page_Validation status=SUCCESS method=Test1.scubscription_In_...)</span>
                <span class="method-start">117076 ms</span>
              </div> <!-- configuration-method after -->
          </div> <!-- main-panel-content rounded-window-bottom -->
        </div> <!-- panel -->
      </div> <!-- main-panel-root -->
    </div> <!-- wrapper -->
  </body>
<script type="text/javascript" src="testng-reports2.js"></script>
</html>
