<?xml version="1.0" encoding="UTF-8"?>
<testng-results ignored="0" total="21" passed="19" failed="2" skipped="0">
  <reporter-output>
  </reporter-output>
  <suite started-at="2025-10-19T22:29:04 IST" name="Default suite" finished-at="2025-10-19T22:31:01 IST" duration-ms="117193">
    <groups>
    </groups>
    <test started-at="2025-10-19T22:29:04 IST" name="Default test" finished-at="2025-10-19T22:31:01 IST" duration-ms="117193">
      <class name="com.poc.tests.Test1">
        <test-method is-config="true" signature="beforeTest()[pri:0, instance:com.poc.tests.Test1@54709809]" started-at="2025-10-19T22:29:04 IST" name="beforeTest" finished-at="2025-10-19T22:29:04 IST" duration-ms="19" status="PASS">
          <reporter-output>
          </reporter-output>
        </test-method> <!-- beforeTest -->
        <test-method is-config="true" signature="setUp(java.lang.String,java.lang.String,org.testng.ITestResult)[pri:0, instance:com.poc.tests.Test1@54709809]" started-at="2025-10-19T22:29:04 IST" name="setUp" finished-at="2025-10-19T22:29:08 IST" duration-ms="4021" status="PASS">
          <params>
            <param index="0">
              <value>
                <![CDATA[chrome]]>
              </value>
            </param>
            <param index="1">
              <value>
                <![CDATA[http://automationexercise.com]]>
              </value>
            </param>
            <param index="2">
              <value>
                <![CDATA[[TestResult name={null} status=CREATED method=Test1.Add_Products_To_Cart_Validation()[pri:0, instance:com.poc.tests.Test1@54709809] output={null}]]]>
              </value>
            </param>
          </params>
          <reporter-output>
          </reporter-output>
        </test-method> <!-- setUp -->
        <test-method signature="Add_Products_To_Cart_Validation()[pri:0, instance:com.poc.tests.Test1@54709809]" started-at="2025-10-19T22:29:08 IST" name="Add_Products_To_Cart_Validation" finished-at="2025-10-19T22:29:15 IST" duration-ms="7050" status="PASS">
          <reporter-output>
          </reporter-output>
        </test-method> <!-- Add_Products_To_Cart_Validation -->
        <test-method is-config="true" signature="screenShotIfFail(org.testng.ITestResult)[pri:0, instance:com.poc.tests.Test1@54709809]" started-at="2025-10-19T22:29:15 IST" name="screenShotIfFail" finished-at="2025-10-19T22:29:15 IST" duration-ms="129" status="PASS">
          <params>
            <param index="0">
              <value>
                <![CDATA[[TestResult name=Add_Products_To_Cart_Validation status=SUCCESS method=Test1.Add_Products_To_Cart_Validation()[pri:0, instance:com.poc.tests.Test1@54709809] output={null}]]]>
              </value>
            </param>
          </params>
          <reporter-output>
          </reporter-output>
        </test-method> <!-- screenShotIfFail -->
        <test-method is-config="true" signature="setUp(java.lang.String,java.lang.String,org.testng.ITestResult)[pri:0, instance:com.poc.tests.Test1@54709809]" started-at="2025-10-19T22:29:15 IST" name="setUp" finished-at="2025-10-19T22:29:17 IST" duration-ms="2169" status="PASS">
          <params>
            <param index="0">
              <value>
                <![CDATA[chrome]]>
              </value>
            </param>
            <param index="1">
              <value>
                <![CDATA[http://automationexercise.com]]>
              </value>
            </param>
            <param index="2">
              <value>
                <![CDATA[[TestResult name={null} status=CREATED method=Test1.Add_Recommended_Products_Validation(java.lang.String)[pri:0, instance:com.poc.tests.Test1@54709809] output={null}]]]>
              </value>
            </param>
          </params>
          <reporter-output>
          </reporter-output>
        </test-method> <!-- setUp -->
        <test-method signature="Add_Recommended_Products_Validation(java.lang.String)[pri:0, instance:com.poc.tests.Test1@54709809]" started-at="2025-10-19T22:29:17 IST" name="Add_Recommended_Products_Validation" data-provider="RecommendedProducts" finished-at="2025-10-19T22:29:17 IST" duration-ms="57" status="FAIL">
          <params>
            <param index="0">
              <value>
                <![CDATA[Wnter Top]]>
              </value>
            </param>
          </params>
          <exception class="java.lang.AssertionError">
            <message>
              <![CDATA[Recommended product Wnter Top not found]]>
            </message>
            <full-stacktrace>
              <![CDATA[java.lang.AssertionError: Recommended product Wnter Top not found
at org.testng.Assert.fail(Assert.java:111)
at com.poc.pages.Poc_Home_page.selectRecommendedProductandAddtoCart(Poc_Home_page.java:216)
at com.poc.tests.Test1.Add_Recommended_Products_Validation(Test1.java:367)
at java.base/jdk.internal.reflect.DirectMethodHandleAccessor.invoke(DirectMethodHandleAccessor.java:103)
at java.base/java.lang.reflect.Method.invoke(Method.java:580)
at org.testng.internal.invokers.MethodInvocationHelper.invokeMethod(MethodInvocationHelper.java:141)
at org.testng.internal.invokers.TestInvoker.invokeMethod(TestInvoker.java:687)
at org.testng.internal.invokers.TestInvoker.invokeTestMethod(TestInvoker.java:230)
at org.testng.internal.invokers.MethodRunner.runInSequence(MethodRunner.java:63)
at org.testng.internal.invokers.TestInvoker$MethodInvocationAgent.invoke(TestInvoker.java:995)
at org.testng.internal.invokers.TestInvoker.invokeTestMethods(TestInvoker.java:203)
at org.testng.internal.invokers.TestMethodWorker.invokeTestMethods(TestMethodWorker.java:154)
at org.testng.internal.invokers.TestMethodWorker.run(TestMethodWorker.java:134)
at java.base/java.util.ArrayList.forEach(ArrayList.java:1596)
at org.testng.TestRunner.privateRun(TestRunner.java:741)
at org.testng.TestRunner.run(TestRunner.java:616)
at org.testng.SuiteRunner.runTest(SuiteRunner.java:421)
at org.testng.SuiteRunner.runSequentially(SuiteRunner.java:413)
at org.testng.SuiteRunner.privateRun(SuiteRunner.java:373)
at org.testng.SuiteRunner.run(SuiteRunner.java:312)
at org.testng.SuiteRunnerWorker.runSuite(SuiteRunnerWorker.java:52)
at org.testng.SuiteRunnerWorker.run(SuiteRunnerWorker.java:95)
at org.testng.TestNG.runSuitesSequentially(TestNG.java:1274)
at org.testng.TestNG.runSuitesLocally(TestNG.java:1208)
at org.testng.TestNG.runSuites(TestNG.java:1112)
at org.testng.TestNG.run(TestNG.java:1079)
at org.testng.remote.AbstractRemoteTestNG.run(AbstractRemoteTestNG.java:115)
at org.testng.remote.RemoteTestNG.initAndRun(RemoteTestNG.java:293)
at org.testng.remote.RemoteTestNG.main(RemoteTestNG.java:91)
]]>
            </full-stacktrace>
          </exception> <!-- java.lang.AssertionError -->
          <reporter-output>
          </reporter-output>
        </test-method> <!-- Add_Recommended_Products_Validation -->
        <test-method is-config="true" signature="screenShotIfFail(org.testng.ITestResult)[pri:0, instance:com.poc.tests.Test1@54709809]" started-at="2025-10-19T22:29:17 IST" name="screenShotIfFail" finished-at="2025-10-19T22:29:18 IST" duration-ms="347" status="PASS">
          <params>
            <param index="0">
              <value>
                <![CDATA[[TestResult name=Add_Recommended_Products_Validation status=FAILURE method=Test1.Add_Recommended_Products_Validation(java.lang.String)[pri:0, instance:com.poc.tests.Test1@54709809] output={null}]]]>
              </value>
            </param>
          </params>
          <reporter-output>
          </reporter-output>
        </test-method> <!-- screenShotIfFail -->
        <test-method is-config="true" signature="setUp(java.lang.String,java.lang.String,org.testng.ITestResult)[pri:0, instance:com.poc.tests.Test1@54709809]" started-at="2025-10-19T22:29:18 IST" name="setUp" finished-at="2025-10-19T22:29:20 IST" duration-ms="2522" status="PASS">
          <params>
            <param index="0">
              <value>
                <![CDATA[chrome]]>
              </value>
            </param>
            <param index="1">
              <value>
                <![CDATA[http://automationexercise.com]]>
              </value>
            </param>
            <param index="2">
              <value>
                <![CDATA[[TestResult name={null} status=CREATED method=Test1.Add_Recommended_Products_Validation(java.lang.String)[pri:0, instance:com.poc.tests.Test1@54709809] output={null}]]]>
              </value>
            </param>
          </params>
          <reporter-output>
          </reporter-output>
        </test-method> <!-- setUp -->
        <test-method signature="Add_Recommended_Products_Validation(java.lang.String)[pri:0, instance:com.poc.tests.Test1@54709809]" started-at="2025-10-19T22:29:20 IST" name="Add_Recommended_Products_Validation" data-provider="RecommendedProducts" finished-at="2025-10-19T22:29:22 IST" duration-ms="2106" status="PASS">
          <params>
            <param index="0">
              <value>
                <![CDATA[Stylish Dress]]>
              </value>
            </param>
          </params>
          <reporter-output>
          </reporter-output>
        </test-method> <!-- Add_Recommended_Products_Validation -->
        <test-method is-config="true" signature="screenShotIfFail(org.testng.ITestResult)[pri:0, instance:com.poc.tests.Test1@54709809]" started-at="2025-10-19T22:29:22 IST" name="screenShotIfFail" finished-at="2025-10-19T22:29:22 IST" duration-ms="114" status="PASS">
          <params>
            <param index="0">
              <value>
                <![CDATA[[TestResult name=Add_Recommended_Products_Validation status=SUCCESS method=Test1.Add_Recommended_Products_Validation(java.lang.String)[pri:0, instance:com.poc.tests.Test1@54709809] output={null}]]]>
              </value>
            </param>
          </params>
          <reporter-output>
          </reporter-output>
        </test-method> <!-- screenShotIfFail -->
        <test-method is-config="true" signature="setUp(java.lang.String,java.lang.String,org.testng.ITestResult)[pri:0, instance:com.poc.tests.Test1@54709809]" started-at="2025-10-19T22:29:22 IST" name="setUp" finished-at="2025-10-19T22:29:25 IST" duration-ms="2879" status="PASS">
          <params>
            <param index="0">
              <value>
                <![CDATA[chrome]]>
              </value>
            </param>
            <param index="1">
              <value>
                <![CDATA[http://automationexercise.com]]>
              </value>
            </param>
            <param index="2">
              <value>
                <![CDATA[[TestResult name={null} status=CREATED method=Test1.Add_Recommended_Products_Validation(java.lang.String)[pri:0, instance:com.poc.tests.Test1@54709809] output={null}]]]>
              </value>
            </param>
          </params>
          <reporter-output>
          </reporter-output>
        </test-method> <!-- setUp -->
        <test-method signature="Add_Recommended_Products_Validation(java.lang.String)[pri:0, instance:com.poc.tests.Test1@54709809]" started-at="2025-10-19T22:29:25 IST" name="Add_Recommended_Products_Validation" data-provider="RecommendedProducts" finished-at="2025-10-19T22:29:27 IST" duration-ms="1748" status="PASS">
          <params>
            <param index="0">
              <value>
                <![CDATA[Summer White Top]]>
              </value>
            </param>
          </params>
          <reporter-output>
          </reporter-output>
        </test-method> <!-- Add_Recommended_Products_Validation -->
        <test-method is-config="true" signature="screenShotIfFail(org.testng.ITestResult)[pri:0, instance:com.poc.tests.Test1@54709809]" started-at="2025-10-19T22:29:27 IST" name="screenShotIfFail" finished-at="2025-10-19T22:29:27 IST" duration-ms="102" status="PASS">
          <params>
            <param index="0">
              <value>
                <![CDATA[[TestResult name=Add_Recommended_Products_Validation status=SUCCESS method=Test1.Add_Recommended_Products_Validation(java.lang.String)[pri:0, instance:com.poc.tests.Test1@54709809] output={null}]]]>
              </value>
            </param>
          </params>
          <reporter-output>
          </reporter-output>
        </test-method> <!-- screenShotIfFail -->
        <test-method is-config="true" signature="setUp(java.lang.String,java.lang.String,org.testng.ITestResult)[pri:0, instance:com.poc.tests.Test1@54709809]" started-at="2025-10-19T22:29:27 IST" name="setUp" finished-at="2025-10-19T22:29:30 IST" duration-ms="3302" status="PASS">
          <params>
            <param index="0">
              <value>
                <![CDATA[chrome]]>
              </value>
            </param>
            <param index="1">
              <value>
                <![CDATA[http://automationexercise.com]]>
              </value>
            </param>
            <param index="2">
              <value>
                <![CDATA[[TestResult name={null} status=CREATED method=Test1.Add_Review_On_Product_Validation()[pri:0, instance:com.poc.tests.Test1@54709809] output={null}]]]>
              </value>
            </param>
          </params>
          <reporter-output>
          </reporter-output>
        </test-method> <!-- setUp -->
        <test-method signature="Add_Review_On_Product_Validation()[pri:0, instance:com.poc.tests.Test1@54709809]" started-at="2025-10-19T22:29:30 IST" name="Add_Review_On_Product_Validation" finished-at="2025-10-19T22:29:34 IST" duration-ms="3129" status="PASS">
          <reporter-output>
          </reporter-output>
        </test-method> <!-- Add_Review_On_Product_Validation -->
        <test-method is-config="true" signature="screenShotIfFail(org.testng.ITestResult)[pri:0, instance:com.poc.tests.Test1@54709809]" started-at="2025-10-19T22:29:34 IST" name="screenShotIfFail" finished-at="2025-10-19T22:29:34 IST" duration-ms="106" status="PASS">
          <params>
            <param index="0">
              <value>
                <![CDATA[[TestResult name=Add_Review_On_Product_Validation status=SUCCESS method=Test1.Add_Review_On_Product_Validation()[pri:0, instance:com.poc.tests.Test1@54709809] output={null}]]]>
              </value>
            </param>
          </params>
          <reporter-output>
          </reporter-output>
        </test-method> <!-- screenShotIfFail -->
        <test-method is-config="true" signature="setUp(java.lang.String,java.lang.String,org.testng.ITestResult)[pri:0, instance:com.poc.tests.Test1@54709809]" started-at="2025-10-19T22:29:34 IST" name="setUp" finished-at="2025-10-19T22:29:37 IST" duration-ms="2981" status="PASS">
          <params>
            <param index="0">
              <value>
                <![CDATA[chrome]]>
              </value>
            </param>
            <param index="1">
              <value>
                <![CDATA[http://automationexercise.com]]>
              </value>
            </param>
            <param index="2">
              <value>
                <![CDATA[[TestResult name={null} status=CREATED method=Test1.Contact_Us_Form_Validation()[pri:0, instance:com.poc.tests.Test1@54709809] output={null}]]]>
              </value>
            </param>
          </params>
          <reporter-output>
          </reporter-output>
        </test-method> <!-- setUp -->
        <test-method signature="Contact_Us_Form_Validation()[pri:0, instance:com.poc.tests.Test1@54709809]" started-at="2025-10-19T22:29:37 IST" name="Contact_Us_Form_Validation" finished-at="2025-10-19T22:29:39 IST" duration-ms="2353" status="PASS">
          <reporter-output>
          </reporter-output>
        </test-method> <!-- Contact_Us_Form_Validation -->
        <test-method is-config="true" signature="screenShotIfFail(org.testng.ITestResult)[pri:0, instance:com.poc.tests.Test1@54709809]" started-at="2025-10-19T22:29:39 IST" name="screenShotIfFail" finished-at="2025-10-19T22:29:39 IST" duration-ms="85" status="PASS">
          <params>
            <param index="0">
              <value>
                <![CDATA[[TestResult name=Contact_Us_Form_Validation status=SUCCESS method=Test1.Contact_Us_Form_Validation()[pri:0, instance:com.poc.tests.Test1@54709809] output={null}]]]>
              </value>
            </param>
          </params>
          <reporter-output>
          </reporter-output>
        </test-method> <!-- screenShotIfFail -->
        <test-method is-config="true" signature="setUp(java.lang.String,java.lang.String,org.testng.ITestResult)[pri:0, instance:com.poc.tests.Test1@54709809]" started-at="2025-10-19T22:29:39 IST" name="setUp" finished-at="2025-10-19T22:29:42 IST" duration-ms="2858" status="PASS">
          <params>
            <param index="0">
              <value>
                <![CDATA[chrome]]>
              </value>
            </param>
            <param index="1">
              <value>
                <![CDATA[http://automationexercise.com]]>
              </value>
            </param>
            <param index="2">
              <value>
                <![CDATA[[TestResult name={null} status=CREATED method=Test1.Invalid_Login_Validation()[pri:0, instance:com.poc.tests.Test1@54709809] output={null}]]]>
              </value>
            </param>
          </params>
          <reporter-output>
          </reporter-output>
        </test-method> <!-- setUp -->
        <test-method signature="Invalid_Login_Validation()[pri:0, instance:com.poc.tests.Test1@54709809]" started-at="2025-10-19T22:29:42 IST" name="Invalid_Login_Validation" finished-at="2025-10-19T22:29:43 IST" duration-ms="1276" status="PASS">
          <reporter-output>
          </reporter-output>
        </test-method> <!-- Invalid_Login_Validation -->
        <test-method is-config="true" signature="screenShotIfFail(org.testng.ITestResult)[pri:0, instance:com.poc.tests.Test1@54709809]" started-at="2025-10-19T22:29:43 IST" name="screenShotIfFail" finished-at="2025-10-19T22:29:43 IST" duration-ms="113" status="PASS">
          <params>
            <param index="0">
              <value>
                <![CDATA[[TestResult name=Invalid_Login_Validation status=SUCCESS method=Test1.Invalid_Login_Validation()[pri:0, instance:com.poc.tests.Test1@54709809] output={null}]]]>
              </value>
            </param>
          </params>
          <reporter-output>
          </reporter-output>
        </test-method> <!-- screenShotIfFail -->
        <test-method is-config="true" signature="setUp(java.lang.String,java.lang.String,org.testng.ITestResult)[pri:0, instance:com.poc.tests.Test1@54709809]" started-at="2025-10-19T22:29:43 IST" name="setUp" finished-at="2025-10-19T22:29:46 IST" duration-ms="2930" status="PASS">
          <params>
            <param index="0">
              <value>
                <![CDATA[chrome]]>
              </value>
            </param>
            <param index="1">
              <value>
                <![CDATA[http://automationexercise.com]]>
              </value>
            </param>
            <param index="2">
              <value>
                <![CDATA[[TestResult name={null} status=CREATED method=Test1.Login_Validation()[pri:0, instance:com.poc.tests.Test1@54709809] output={null}]]]>
              </value>
            </param>
          </params>
          <reporter-output>
          </reporter-output>
        </test-method> <!-- setUp -->
        <test-method signature="Login_Validation()[pri:0, instance:com.poc.tests.Test1@54709809]" started-at="2025-10-19T22:29:46 IST" name="Login_Validation" finished-at="2025-10-19T22:29:48 IST" duration-ms="1319" status="FAIL">
          <exception class="java.lang.AssertionError">
            <message>
              <![CDATA[User login failed expected [true] but found [false]]]>
            </message>
            <full-stacktrace>
              <![CDATA[java.lang.AssertionError: User login failed expected [true] but found [false]
at org.testng.Assert.fail(Assert.java:111)
at org.testng.Assert.failNotEquals(Assert.java:1590)
at org.testng.Assert.assertTrue(Assert.java:57)
at com.poc.tests.Test1.Login_Validation(Test1.java:88)
at java.base/jdk.internal.reflect.DirectMethodHandleAccessor.invoke(DirectMethodHandleAccessor.java:103)
at java.base/java.lang.reflect.Method.invoke(Method.java:580)
at org.testng.internal.invokers.MethodInvocationHelper.invokeMethod(MethodInvocationHelper.java:141)
at org.testng.internal.invokers.TestInvoker.invokeMethod(TestInvoker.java:687)
at org.testng.internal.invokers.TestInvoker.invokeTestMethod(TestInvoker.java:230)
at org.testng.internal.invokers.MethodRunner.runInSequence(MethodRunner.java:63)
at org.testng.internal.invokers.TestInvoker$MethodInvocationAgent.invoke(TestInvoker.java:995)
at org.testng.internal.invokers.TestInvoker.invokeTestMethods(TestInvoker.java:203)
at org.testng.internal.invokers.TestMethodWorker.invokeTestMethods(TestMethodWorker.java:154)
at org.testng.internal.invokers.TestMethodWorker.run(TestMethodWorker.java:134)
at java.base/java.util.ArrayList.forEach(ArrayList.java:1596)
at org.testng.TestRunner.privateRun(TestRunner.java:741)
at org.testng.TestRunner.run(TestRunner.java:616)
at org.testng.SuiteRunner.runTest(SuiteRunner.java:421)
at org.testng.SuiteRunner.runSequentially(SuiteRunner.java:413)
at org.testng.SuiteRunner.privateRun(SuiteRunner.java:373)
at org.testng.SuiteRunner.run(SuiteRunner.java:312)
at org.testng.SuiteRunnerWorker.runSuite(SuiteRunnerWorker.java:52)
at org.testng.SuiteRunnerWorker.run(SuiteRunnerWorker.java:95)
at org.testng.TestNG.runSuitesSequentially(TestNG.java:1274)
at org.testng.TestNG.runSuitesLocally(TestNG.java:1208)
at org.testng.TestNG.runSuites(TestNG.java:1112)
at org.testng.TestNG.run(TestNG.java:1079)
at org.testng.remote.AbstractRemoteTestNG.run(AbstractRemoteTestNG.java:115)
at org.testng.remote.RemoteTestNG.initAndRun(RemoteTestNG.java:293)
at org.testng.remote.RemoteTestNG.main(RemoteTestNG.java:91)
]]>
            </full-stacktrace>
          </exception> <!-- java.lang.AssertionError -->
          <reporter-output>
          </reporter-output>
        </test-method> <!-- Login_Validation -->
        <test-method is-config="true" signature="screenShotIfFail(org.testng.ITestResult)[pri:0, instance:com.poc.tests.Test1@54709809]" started-at="2025-10-19T22:29:48 IST" name="screenShotIfFail" finished-at="2025-10-19T22:29:48 IST" duration-ms="278" status="PASS">
          <params>
            <param index="0">
              <value>
                <![CDATA[[TestResult name=Login_Validation status=FAILURE method=Test1.Login_Validation()[pri:0, instance:com.poc.tests.Test1@54709809] output={null}]]]>
              </value>
            </param>
          </params>
          <reporter-output>
          </reporter-output>
        </test-method> <!-- screenShotIfFail -->
        <test-method is-config="true" signature="setUp(java.lang.String,java.lang.String,org.testng.ITestResult)[pri:0, instance:com.poc.tests.Test1@54709809]" started-at="2025-10-19T22:29:48 IST" name="setUp" finished-at="2025-10-19T22:29:52 IST" duration-ms="4086" status="PASS">
          <params>
            <param index="0">
              <value>
                <![CDATA[chrome]]>
              </value>
            </param>
            <param index="1">
              <value>
                <![CDATA[http://automationexercise.com]]>
              </value>
            </param>
            <param index="2">
              <value>
                <![CDATA[[TestResult name={null} status=CREATED method=Test1.Logout_Validation()[pri:0, instance:com.poc.tests.Test1@54709809] output={null}]]]>
              </value>
            </param>
          </params>
          <reporter-output>
          </reporter-output>
        </test-method> <!-- setUp -->
        <test-method signature="Logout_Validation()[pri:0, instance:com.poc.tests.Test1@54709809]" started-at="2025-10-19T22:29:52 IST" name="Logout_Validation" finished-at="2025-10-19T22:29:56 IST" duration-ms="4143" status="PASS">
          <reporter-output>
          </reporter-output>
        </test-method> <!-- Logout_Validation -->
        <test-method is-config="true" signature="screenShotIfFail(org.testng.ITestResult)[pri:0, instance:com.poc.tests.Test1@54709809]" started-at="2025-10-19T22:29:56 IST" name="screenShotIfFail" finished-at="2025-10-19T22:29:56 IST" duration-ms="106" status="PASS">
          <params>
            <param index="0">
              <value>
                <![CDATA[[TestResult name=Logout_Validation status=SUCCESS method=Test1.Logout_Validation()[pri:0, instance:com.poc.tests.Test1@54709809] output={null}]]]>
              </value>
            </param>
          </params>
          <reporter-output>
          </reporter-output>
        </test-method> <!-- screenShotIfFail -->
        <test-method is-config="true" signature="setUp(java.lang.String,java.lang.String,org.testng.ITestResult)[pri:0, instance:com.poc.tests.Test1@54709809]" started-at="2025-10-19T22:29:56 IST" name="setUp" finished-at="2025-10-19T22:29:59 IST" duration-ms="2858" status="PASS">
          <params>
            <param index="0">
              <value>
                <![CDATA[chrome]]>
              </value>
            </param>
            <param index="1">
              <value>
                <![CDATA[http://automationexercise.com]]>
              </value>
            </param>
            <param index="2">
              <value>
                <![CDATA[[TestResult name={null} status=CREATED method=Test1.Product_Quantity_In_Cart_Validation()[pri:0, instance:com.poc.tests.Test1@54709809] output={null}]]]>
              </value>
            </param>
          </params>
          <reporter-output>
          </reporter-output>
        </test-method> <!-- setUp -->
        <test-method signature="Product_Quantity_In_Cart_Validation()[pri:0, instance:com.poc.tests.Test1@54709809]" started-at="2025-10-19T22:29:59 IST" name="Product_Quantity_In_Cart_Validation" finished-at="2025-10-19T22:30:02 IST" duration-ms="2448" status="PASS">
          <reporter-output>
          </reporter-output>
        </test-method> <!-- Product_Quantity_In_Cart_Validation -->
        <test-method is-config="true" signature="screenShotIfFail(org.testng.ITestResult)[pri:0, instance:com.poc.tests.Test1@54709809]" started-at="2025-10-19T22:30:02 IST" name="screenShotIfFail" finished-at="2025-10-19T22:30:02 IST" duration-ms="96" status="PASS">
          <params>
            <param index="0">
              <value>
                <![CDATA[[TestResult name=Product_Quantity_In_Cart_Validation status=SUCCESS method=Test1.Product_Quantity_In_Cart_Validation()[pri:0, instance:com.poc.tests.Test1@54709809] output={null}]]]>
              </value>
            </param>
          </params>
          <reporter-output>
          </reporter-output>
        </test-method> <!-- screenShotIfFail -->
        <test-method is-config="true" signature="setUp(java.lang.String,java.lang.String,org.testng.ITestResult)[pri:0, instance:com.poc.tests.Test1@54709809]" started-at="2025-10-19T22:30:02 IST" name="setUp" finished-at="2025-10-19T22:30:04 IST" duration-ms="2530" status="PASS">
          <params>
            <param index="0">
              <value>
                <![CDATA[chrome]]>
              </value>
            </param>
            <param index="1">
              <value>
                <![CDATA[http://automationexercise.com]]>
              </value>
            </param>
            <param index="2">
              <value>
                <![CDATA[[TestResult name={null} status=CREATED method=Test1.Register_User_Validation()[pri:0, instance:com.poc.tests.Test1@54709809] output={null}]]]>
              </value>
            </param>
          </params>
          <reporter-output>
          </reporter-output>
        </test-method> <!-- setUp -->
        <test-method signature="Register_User_Validation()[pri:0, instance:com.poc.tests.Test1@54709809]" started-at="2025-10-19T22:30:04 IST" name="Register_User_Validation" finished-at="2025-10-19T22:30:10 IST" duration-ms="5668" status="PASS">
          <reporter-output>
          </reporter-output>
        </test-method> <!-- Register_User_Validation -->
        <test-method is-config="true" signature="screenShotIfFail(org.testng.ITestResult)[pri:0, instance:com.poc.tests.Test1@54709809]" started-at="2025-10-19T22:30:10 IST" name="screenShotIfFail" finished-at="2025-10-19T22:30:10 IST" duration-ms="93" status="PASS">
          <params>
            <param index="0">
              <value>
                <![CDATA[[TestResult name=Register_User_Validation status=SUCCESS method=Test1.Register_User_Validation()[pri:0, instance:com.poc.tests.Test1@54709809] output={null}]]]>
              </value>
            </param>
          </params>
          <reporter-output>
          </reporter-output>
        </test-method> <!-- screenShotIfFail -->
        <test-method is-config="true" signature="setUp(java.lang.String,java.lang.String,org.testng.ITestResult)[pri:0, instance:com.poc.tests.Test1@54709809]" started-at="2025-10-19T22:30:10 IST" name="setUp" finished-at="2025-10-19T22:30:12 IST" duration-ms="2160" status="PASS">
          <params>
            <param index="0">
              <value>
                <![CDATA[chrome]]>
              </value>
            </param>
            <param index="1">
              <value>
                <![CDATA[http://automationexercise.com]]>
              </value>
            </param>
            <param index="2">
              <value>
                <![CDATA[[TestResult name={null} status=CREATED method=Test1.Register_User_With_Existing_Email_Validation()[pri:0, instance:com.poc.tests.Test1@54709809] output={null}]]]>
              </value>
            </param>
          </params>
          <reporter-output>
          </reporter-output>
        </test-method> <!-- setUp -->
        <test-method signature="Register_User_With_Existing_Email_Validation()[pri:0, instance:com.poc.tests.Test1@54709809]" started-at="2025-10-19T22:30:12 IST" name="Register_User_With_Existing_Email_Validation" finished-at="2025-10-19T22:30:13 IST" duration-ms="1327" status="PASS">
          <reporter-output>
          </reporter-output>
        </test-method> <!-- Register_User_With_Existing_Email_Validation -->
        <test-method is-config="true" signature="screenShotIfFail(org.testng.ITestResult)[pri:0, instance:com.poc.tests.Test1@54709809]" started-at="2025-10-19T22:30:13 IST" name="screenShotIfFail" finished-at="2025-10-19T22:30:14 IST" duration-ms="109" status="PASS">
          <params>
            <param index="0">
              <value>
                <![CDATA[[TestResult name=Register_User_With_Existing_Email_Validation status=SUCCESS method=Test1.Register_User_With_Existing_Email_Validation()[pri:0, instance:com.poc.tests.Test1@54709809] output={null}]]]>
              </value>
            </param>
          </params>
          <reporter-output>
          </reporter-output>
        </test-method> <!-- screenShotIfFail -->
        <test-method is-config="true" signature="setUp(java.lang.String,java.lang.String,org.testng.ITestResult)[pri:0, instance:com.poc.tests.Test1@54709809]" started-at="2025-10-19T22:30:14 IST" name="setUp" finished-at="2025-10-19T22:30:17 IST" duration-ms="3276" status="PASS">
          <params>
            <param index="0">
              <value>
                <![CDATA[chrome]]>
              </value>
            </param>
            <param index="1">
              <value>
                <![CDATA[http://automationexercise.com]]>
              </value>
            </param>
            <param index="2">
              <value>
                <![CDATA[[TestResult name={null} status=CREATED method=Test1.Remove_Product_From_Cart_Validation()[pri:0, instance:com.poc.tests.Test1@54709809] output={null}]]]>
              </value>
            </param>
          </params>
          <reporter-output>
          </reporter-output>
        </test-method> <!-- setUp -->
        <test-method signature="Remove_Product_From_Cart_Validation()[pri:0, instance:com.poc.tests.Test1@54709809]" started-at="2025-10-19T22:30:17 IST" name="Remove_Product_From_Cart_Validation" finished-at="2025-10-19T22:30:19 IST" duration-ms="2190" status="PASS">
          <reporter-output>
          </reporter-output>
        </test-method> <!-- Remove_Product_From_Cart_Validation -->
        <test-method is-config="true" signature="screenShotIfFail(org.testng.ITestResult)[pri:0, instance:com.poc.tests.Test1@54709809]" started-at="2025-10-19T22:30:19 IST" name="screenShotIfFail" finished-at="2025-10-19T22:30:19 IST" duration-ms="124" status="PASS">
          <params>
            <param index="0">
              <value>
                <![CDATA[[TestResult name=Remove_Product_From_Cart_Validation status=SUCCESS method=Test1.Remove_Product_From_Cart_Validation()[pri:0, instance:com.poc.tests.Test1@54709809] output={null}]]]>
              </value>
            </param>
          </params>
          <reporter-output>
          </reporter-output>
        </test-method> <!-- screenShotIfFail -->
        <test-method is-config="true" signature="setUp(java.lang.String,java.lang.String,org.testng.ITestResult)[pri:0, instance:com.poc.tests.Test1@54709809]" started-at="2025-10-19T22:30:19 IST" name="setUp" finished-at="2025-10-19T22:30:22 IST" duration-ms="2599" status="PASS">
          <params>
            <param index="0">
              <value>
                <![CDATA[chrome]]>
              </value>
            </param>
            <param index="1">
              <value>
                <![CDATA[http://automationexercise.com]]>
              </value>
            </param>
            <param index="2">
              <value>
                <![CDATA[[TestResult name={null} status=CREATED method=Test1.Scroll_Up_Without_Using_Arrow_And_Scroll_down_Validation()[pri:0, instance:com.poc.tests.Test1@54709809] output={null}]]]>
              </value>
            </param>
          </params>
          <reporter-output>
          </reporter-output>
        </test-method> <!-- setUp -->
        <test-method signature="Scroll_Up_Without_Using_Arrow_And_Scroll_down_Validation()[pri:0, instance:com.poc.tests.Test1@54709809]" started-at="2025-10-19T22:30:22 IST" name="Scroll_Up_Without_Using_Arrow_And_Scroll_down_Validation" finished-at="2025-10-19T22:30:22 IST" duration-ms="76" status="PASS">
          <reporter-output>
          </reporter-output>
        </test-method> <!-- Scroll_Up_Without_Using_Arrow_And_Scroll_down_Validation -->
        <test-method is-config="true" signature="screenShotIfFail(org.testng.ITestResult)[pri:0, instance:com.poc.tests.Test1@54709809]" started-at="2025-10-19T22:30:22 IST" name="screenShotIfFail" finished-at="2025-10-19T22:30:22 IST" duration-ms="102" status="PASS">
          <params>
            <param index="0">
              <value>
                <![CDATA[[TestResult name=Scroll_Up_Without_Using_Arrow_And_Scroll_down_Validation status=SUCCESS method=Test1.Scroll_Up_Without_Using_Arrow_And_Scroll_down_Validation()[pri:0, instance:com.poc.tests.Test1@54709809] output={null}]]]>
              </value>
            </param>
          </params>
          <reporter-output>
          </reporter-output>
        </test-method> <!-- screenShotIfFail -->
        <test-method is-config="true" signature="setUp(java.lang.String,java.lang.String,org.testng.ITestResult)[pri:0, instance:com.poc.tests.Test1@54709809]" started-at="2025-10-19T22:30:22 IST" name="setUp" finished-at="2025-10-19T22:30:25 IST" duration-ms="2986" status="PASS">
          <params>
            <param index="0">
              <value>
                <![CDATA[chrome]]>
              </value>
            </param>
            <param index="1">
              <value>
                <![CDATA[http://automationexercise.com]]>
              </value>
            </param>
            <param index="2">
              <value>
                <![CDATA[[TestResult name={null} status=CREATED method=Test1.Scroll_Up_using_Arrow_And_Scroll_down_Validation()[pri:0, instance:com.poc.tests.Test1@54709809] output={null}]]]>
              </value>
            </param>
          </params>
          <reporter-output>
          </reporter-output>
        </test-method> <!-- setUp -->
        <test-method signature="Scroll_Up_using_Arrow_And_Scroll_down_Validation()[pri:0, instance:com.poc.tests.Test1@54709809]" started-at="2025-10-19T22:30:25 IST" name="Scroll_Up_using_Arrow_And_Scroll_down_Validation" finished-at="2025-10-19T22:30:25 IST" duration-ms="106" status="PASS">
          <reporter-output>
          </reporter-output>
        </test-method> <!-- Scroll_Up_using_Arrow_And_Scroll_down_Validation -->
        <test-method is-config="true" signature="screenShotIfFail(org.testng.ITestResult)[pri:0, instance:com.poc.tests.Test1@54709809]" started-at="2025-10-19T22:30:25 IST" name="screenShotIfFail" finished-at="2025-10-19T22:30:25 IST" duration-ms="102" status="PASS">
          <params>
            <param index="0">
              <value>
                <![CDATA[[TestResult name=Scroll_Up_using_Arrow_And_Scroll_down_Validation status=SUCCESS method=Test1.Scroll_Up_using_Arrow_And_Scroll_down_Validation()[pri:0, instance:com.poc.tests.Test1@54709809] output={null}]]]>
              </value>
            </param>
          </params>
          <reporter-output>
          </reporter-output>
        </test-method> <!-- screenShotIfFail -->
        <test-method is-config="true" signature="setUp(java.lang.String,java.lang.String,org.testng.ITestResult)[pri:0, instance:com.poc.tests.Test1@54709809]" started-at="2025-10-19T22:30:25 IST" name="setUp" finished-at="2025-10-19T22:30:28 IST" duration-ms="3340" status="PASS">
          <params>
            <param index="0">
              <value>
                <![CDATA[chrome]]>
              </value>
            </param>
            <param index="1">
              <value>
                <![CDATA[http://automationexercise.com]]>
              </value>
            </param>
            <param index="2">
              <value>
                <![CDATA[[TestResult name={null} status=CREATED method=Test1.Search_Products_Validation()[pri:0, instance:com.poc.tests.Test1@54709809] output={null}]]]>
              </value>
            </param>
          </params>
          <reporter-output>
          </reporter-output>
        </test-method> <!-- setUp -->
        <test-method signature="Search_Products_Validation()[pri:0, instance:com.poc.tests.Test1@54709809]" started-at="2025-10-19T22:30:28 IST" name="Search_Products_Validation" finished-at="2025-10-19T22:30:32 IST" duration-ms="3904" status="PASS">
          <reporter-output>
          </reporter-output>
        </test-method> <!-- Search_Products_Validation -->
        <test-method is-config="true" signature="screenShotIfFail(org.testng.ITestResult)[pri:0, instance:com.poc.tests.Test1@54709809]" started-at="2025-10-19T22:30:32 IST" name="screenShotIfFail" finished-at="2025-10-19T22:30:33 IST" duration-ms="110" status="PASS">
          <params>
            <param index="0">
              <value>
                <![CDATA[[TestResult name=Search_Products_Validation status=SUCCESS method=Test1.Search_Products_Validation()[pri:0, instance:com.poc.tests.Test1@54709809] output={null}]]]>
              </value>
            </param>
          </params>
          <reporter-output>
          </reporter-output>
        </test-method> <!-- screenShotIfFail -->
        <test-method is-config="true" signature="setUp(java.lang.String,java.lang.String,org.testng.ITestResult)[pri:0, instance:com.poc.tests.Test1@54709809]" started-at="2025-10-19T22:30:33 IST" name="setUp" finished-at="2025-10-19T22:30:35 IST" duration-ms="2969" status="PASS">
          <params>
            <param index="0">
              <value>
                <![CDATA[chrome]]>
              </value>
            </param>
            <param index="1">
              <value>
                <![CDATA[http://automationexercise.com]]>
              </value>
            </param>
            <param index="2">
              <value>
                <![CDATA[[TestResult name={null} status=CREATED method=Test1.Subscription_Validation()[pri:0, instance:com.poc.tests.Test1@54709809] output={null}]]]>
              </value>
            </param>
          </params>
          <reporter-output>
          </reporter-output>
        </test-method> <!-- setUp -->
        <test-method signature="Subscription_Validation()[pri:0, instance:com.poc.tests.Test1@54709809]" started-at="2025-10-19T22:30:35 IST" name="Subscription_Validation" finished-at="2025-10-19T22:30:36 IST" duration-ms="169" status="PASS">
          <reporter-output>
          </reporter-output>
        </test-method> <!-- Subscription_Validation -->
        <test-method is-config="true" signature="screenShotIfFail(org.testng.ITestResult)[pri:0, instance:com.poc.tests.Test1@54709809]" started-at="2025-10-19T22:30:36 IST" name="screenShotIfFail" finished-at="2025-10-19T22:30:36 IST" duration-ms="97" status="PASS">
          <params>
            <param index="0">
              <value>
                <![CDATA[[TestResult name=Subscription_Validation status=SUCCESS method=Test1.Subscription_Validation()[pri:0, instance:com.poc.tests.Test1@54709809] output={null}]]]>
              </value>
            </param>
          </params>
          <reporter-output>
          </reporter-output>
        </test-method> <!-- screenShotIfFail -->
        <test-method is-config="true" signature="setUp(java.lang.String,java.lang.String,org.testng.ITestResult)[pri:0, instance:com.poc.tests.Test1@54709809]" started-at="2025-10-19T22:30:36 IST" name="setUp" finished-at="2025-10-19T22:30:39 IST" duration-ms="3426" status="PASS">
          <params>
            <param index="0">
              <value>
                <![CDATA[chrome]]>
              </value>
            </param>
            <param index="1">
              <value>
                <![CDATA[http://automationexercise.com]]>
              </value>
            </param>
            <param index="2">
              <value>
                <![CDATA[[TestResult name={null} status=CREATED method=Test1.Testcases_Page_Validation()[pri:0, instance:com.poc.tests.Test1@54709809] output={null}]]]>
              </value>
            </param>
          </params>
          <reporter-output>
          </reporter-output>
        </test-method> <!-- setUp -->
        <test-method signature="Testcases_Page_Validation()[pri:0, instance:com.poc.tests.Test1@54709809]" started-at="2025-10-19T22:30:39 IST" name="Testcases_Page_Validation" finished-at="2025-10-19T22:30:40 IST" duration-ms="610" status="PASS">
          <reporter-output>
          </reporter-output>
        </test-method> <!-- Testcases_Page_Validation -->
        <test-method is-config="true" signature="screenShotIfFail(org.testng.ITestResult)[pri:0, instance:com.poc.tests.Test1@54709809]" started-at="2025-10-19T22:30:40 IST" name="screenShotIfFail" finished-at="2025-10-19T22:30:40 IST" duration-ms="99" status="PASS">
          <params>
            <param index="0">
              <value>
                <![CDATA[[TestResult name=Testcases_Page_Validation status=SUCCESS method=Test1.Testcases_Page_Validation()[pri:0, instance:com.poc.tests.Test1@54709809] output={null}]]]>
              </value>
            </param>
          </params>
          <reporter-output>
          </reporter-output>
        </test-method> <!-- screenShotIfFail -->
        <test-method is-config="true" signature="setUp(java.lang.String,java.lang.String,org.testng.ITestResult)[pri:0, instance:com.poc.tests.Test1@54709809]" started-at="2025-10-19T22:30:40 IST" name="setUp" finished-at="2025-10-19T22:30:42 IST" duration-ms="2412" status="PASS">
          <params>
            <param index="0">
              <value>
                <![CDATA[chrome]]>
              </value>
            </param>
            <param index="1">
              <value>
                <![CDATA[http://automationexercise.com]]>
              </value>
            </param>
            <param index="2">
              <value>
                <![CDATA[[TestResult name={null} status=CREATED method=Test1.View_Brand_Products_Validation()[pri:0, instance:com.poc.tests.Test1@54709809] output={null}]]]>
              </value>
            </param>
          </params>
          <reporter-output>
          </reporter-output>
        </test-method> <!-- setUp -->
        <test-method signature="View_Brand_Products_Validation()[pri:0, instance:com.poc.tests.Test1@54709809]" started-at="2025-10-19T22:30:42 IST" name="View_Brand_Products_Validation" finished-at="2025-10-19T22:30:46 IST" duration-ms="3944" status="PASS">
          <reporter-output>
          </reporter-output>
        </test-method> <!-- View_Brand_Products_Validation -->
        <test-method is-config="true" signature="screenShotIfFail(org.testng.ITestResult)[pri:0, instance:com.poc.tests.Test1@54709809]" started-at="2025-10-19T22:30:46 IST" name="screenShotIfFail" finished-at="2025-10-19T22:30:46 IST" duration-ms="114" status="PASS">
          <params>
            <param index="0">
              <value>
                <![CDATA[[TestResult name=View_Brand_Products_Validation status=SUCCESS method=Test1.View_Brand_Products_Validation()[pri:0, instance:com.poc.tests.Test1@54709809] output={null}]]]>
              </value>
            </param>
          </params>
          <reporter-output>
          </reporter-output>
        </test-method> <!-- screenShotIfFail -->
        <test-method is-config="true" signature="setUp(java.lang.String,java.lang.String,org.testng.ITestResult)[pri:0, instance:com.poc.tests.Test1@54709809]" started-at="2025-10-19T22:30:46 IST" name="setUp" finished-at="2025-10-19T22:30:49 IST" duration-ms="2442" status="PASS">
          <params>
            <param index="0">
              <value>
                <![CDATA[chrome]]>
              </value>
            </param>
            <param index="1">
              <value>
                <![CDATA[http://automationexercise.com]]>
              </value>
            </param>
            <param index="2">
              <value>
                <![CDATA[[TestResult name={null} status=CREATED method=Test1.View_Category_Products_Validation()[pri:0, instance:com.poc.tests.Test1@54709809] output={null}]]]>
              </value>
            </param>
          </params>
          <reporter-output>
          </reporter-output>
        </test-method> <!-- setUp -->
        <test-method signature="View_Category_Products_Validation()[pri:0, instance:com.poc.tests.Test1@54709809]" started-at="2025-10-19T22:30:49 IST" name="View_Category_Products_Validation" finished-at="2025-10-19T22:30:57 IST" duration-ms="8205" status="PASS">
          <reporter-output>
          </reporter-output>
        </test-method> <!-- View_Category_Products_Validation -->
        <test-method is-config="true" signature="screenShotIfFail(org.testng.ITestResult)[pri:0, instance:com.poc.tests.Test1@54709809]" started-at="2025-10-19T22:30:57 IST" name="screenShotIfFail" finished-at="2025-10-19T22:30:57 IST" duration-ms="144" status="PASS">
          <params>
            <param index="0">
              <value>
                <![CDATA[[TestResult name=View_Category_Products_Validation status=SUCCESS method=Test1.View_Category_Products_Validation()[pri:0, instance:com.poc.tests.Test1@54709809] output={null}]]]>
              </value>
            </param>
          </params>
          <reporter-output>
          </reporter-output>
        </test-method> <!-- screenShotIfFail -->
        <test-method is-config="true" signature="setUp(java.lang.String,java.lang.String,org.testng.ITestResult)[pri:0, instance:com.poc.tests.Test1@54709809]" started-at="2025-10-19T22:30:57 IST" name="setUp" finished-at="2025-10-19T22:31:00 IST" duration-ms="2537" status="PASS">
          <params>
            <param index="0">
              <value>
                <![CDATA[chrome]]>
              </value>
            </param>
            <param index="1">
              <value>
                <![CDATA[http://automationexercise.com]]>
              </value>
            </param>
            <param index="2">
              <value>
                <![CDATA[[TestResult name={null} status=CREATED method=Test1.scubscription_In_Cart_Page_Validation()[pri:0, instance:com.poc.tests.Test1@54709809] output={null}]]]>
              </value>
            </param>
          </params>
          <reporter-output>
          </reporter-output>
        </test-method> <!-- setUp -->
        <test-method signature="scubscription_In_Cart_Page_Validation()[pri:0, instance:com.poc.tests.Test1@54709809]" started-at="2025-10-19T22:31:00 IST" name="scubscription_In_Cart_Page_Validation" finished-at="2025-10-19T22:31:01 IST" duration-ms="1203" status="PASS">
          <reporter-output>
          </reporter-output>
        </test-method> <!-- scubscription_In_Cart_Page_Validation -->
        <test-method is-config="true" signature="screenShotIfFail(org.testng.ITestResult)[pri:0, instance:com.poc.tests.Test1@54709809]" started-at="2025-10-19T22:31:01 IST" name="screenShotIfFail" finished-at="2025-10-19T22:31:01 IST" duration-ms="105" status="PASS">
          <params>
            <param index="0">
              <value>
                <![CDATA[[TestResult name=scubscription_In_Cart_Page_Validation status=SUCCESS method=Test1.scubscription_In_Cart_Page_Validation()[pri:0, instance:com.poc.tests.Test1@54709809] output={null}]]]>
              </value>
            </param>
          </params>
          <reporter-output>
          </reporter-output>
        </test-method> <!-- screenShotIfFail -->
      </class> <!-- com.poc.tests.Test1 -->
    </test> <!-- Default test -->
  </suite> <!-- Default suite -->
</testng-results>
